{"C:/WhiteLabelTask/white-label/apps/web/src/lib/common/store.ts": {"path":"C:/WhiteLabelTask/white-label/apps/web/src/lib/common/store.ts","statementMap":{"0":{"start":{"line":4,"column":28},"end":{"line":4,"column":null}}},"fnMap":{},"branchMap":{},"s":{"0":0},"f":{},"b":{}}
,"C:\\WhiteLabelTask\\white-label\\apps\\web\\src\\lib\\common\\components\\GetIcon.svelte": {"path":"C:\\WhiteLabelTask\\white-label\\apps\\web\\src\\lib\\common\\components\\GetIcon.svelte","statementMap":{"0":{"start":{"line":24,"column":76},"end":{"line":24,"column":100}},"1":{"start":{"line":23,"column":14},"end":{"line":23,"column":null}},"2":{"start":{"line":23,"column":2},"end":{"line":25,"column":null}},"3":{"start":{"line":24,"column":4},"end":{"line":24,"column":null}},"4":{"start":{"line":12,"column":29},"end":{"line":12,"column":null}},"5":{"start":{"line":15,"column":28},"end":{"line":15,"column":null}},"6":{"start":{"line":16,"column":38},"end":{"line":16,"column":null}},"7":{"start":{"line":17,"column":36},"end":{"line":17,"column":null}},"8":{"start":{"line":18,"column":22},"end":{"line":18,"column":null}},"9":{"start":{"line":19,"column":42},"end":{"line":19,"column":null}},"10":{"start":{"line":20,"column":32},"end":{"line":20,"column":null}}},"fnMap":{},"branchMap":{"0":{"loc":{"start":{"line":12,"column":15},"end":{"line":12,"column":29}},"type":"default-arg","locations":[{"start":{"line":12,"column":27},"end":{"line":12,"column":29}}]},"1":{"loc":{"start":{"line":15,"column":15},"end":{"line":15,"column":28}},"type":"default-arg","locations":[{"start":{"line":15,"column":22},"end":{"line":15,"column":28}}]},"2":{"loc":{"start":{"line":16,"column":15},"end":{"line":16,"column":38}},"type":"default-arg","locations":[{"start":{"line":16,"column":24},"end":{"line":16,"column":38}}]},"3":{"loc":{"start":{"line":17,"column":15},"end":{"line":17,"column":36}},"type":"default-arg","locations":[{"start":{"line":17,"column":25},"end":{"line":17,"column":36}}]},"4":{"loc":{"start":{"line":18,"column":15},"end":{"line":18,"column":22}},"type":"default-arg","locations":[{"start":{"line":18,"column":20},"end":{"line":18,"column":22}}]},"5":{"loc":{"start":{"line":19,"column":15},"end":{"line":19,"column":42}},"type":"default-arg","locations":[{"start":{"line":19,"column":19},"end":{"line":19,"column":42}}]},"6":{"loc":{"start":{"line":20,"column":15},"end":{"line":20,"column":32}},"type":"default-arg","locations":[{"start":{"line":20,"column":29},"end":{"line":20,"column":32}}]}},"s":{"0":0,"1":0,"2":0,"3":0,"4":0,"5":0,"6":0,"7":0,"8":0,"9":0,"10":0},"f":{},"b":{"0":[0],"1":[0],"2":[0],"3":[0],"4":[0],"5":[0],"6":[0]}}
,"C:\\WhiteLabelTask\\white-label\\apps\\web\\src\\lib\\common\\components\\accordion\\Accordion.svelte": {"path":"C:\\WhiteLabelTask\\white-label\\apps\\web\\src\\lib\\common\\components\\accordion\\Accordion.svelte","statementMap":{"0":{"start":{"line":47,"column":7},"end":{"line":47,"column":null}},"1":{"start":{"line":55,"column":7},"end":{"line":55,"column":null}},"2":{"start":{"line":46,"column":1},"end":{"line":70,"column":null}},"3":{"start":{"line":52,"column":5},"end":{"line":52,"column":null}},"4":{"start":{"line":48,"column":3},"end":{"line":53,"column":null}},"5":{"start":{"line":56,"column":10},"end":{"line":56,"column":null}},"6":{"start":{"line":56,"column":5},"end":{"line":56,"column":9}},"7":{"start":{"line":58,"column":5},"end":{"line":66,"column":null}},"8":{"start":{"line":61,"column":13},"end":{"line":61,"column":null}},"9":{"start":{"line":62,"column":17},"end":{"line":62,"column":null}},"10":{"start":{"line":63,"column":20},"end":{"line":63,"column":null}},"11":{"start":{"line":57,"column":9},"end":{"line":57,"column":null}},"12":{"start":{"line":45,"column":5},"end":{"line":45,"column":null}},"13":{"start":{"line":45,"column":31},"end":{"line":45,"column":null}},"14":{"start":{"line":13,"column":25},"end":{"line":13,"column":null}},"15":{"start":{"line":18,"column":43},"end":{"line":18,"column":null}},"16":{"start":{"line":23,"column":29},"end":{"line":23,"column":null}},"17":{"start":{"line":28,"column":31},"end":{"line":28,"column":null}},"18":{"start":{"line":33,"column":40},"end":{"line":33,"column":44}},"19":{"start":{"line":40,"column":2},"end":{"line":40,"column":null}},"20":{"start":{"line":41,"column":2},"end":{"line":41,"column":null}},"21":{"start":{"line":58,"column":26},"end":{"line":58,"column":null}}},"fnMap":{"0":{"name":"(anonymous_69)","decl":{"start":{"line":58,"column":26},"end":{"line":58,"column":37}},"loc":{"start":{"line":58,"column":26},"end":{"line":58,"column":null}}}},"branchMap":{"0":{"loc":{"start":{"line":47,"column":7},"end":{"line":47,"column":null}},"type":"binary-expr","locations":[{"start":{"line":47,"column":7},"end":{"line":47,"column":null}},{"start":{"line":47,"column":12},"end":{"line":47,"column":null}}]},"1":{"loc":{"start":{"line":55,"column":7},"end":{"line":55,"column":null}},"type":"binary-expr","locations":[{"start":{"line":55,"column":7},"end":{"line":55,"column":33}},{"start":{"line":55,"column":33},"end":{"line":55,"column":null}}]},"2":{"loc":{"start":{"line":52,"column":5},"end":{"line":52,"column":null}},"type":"if","locations":[{"start":{"line":52,"column":5},"end":{"line":52,"column":null}},{"start":{"line":52,"column":5},"end":{"line":52,"column":null}}]},"3":{"loc":{"start":{"line":61,"column":13},"end":{"line":61,"column":null}},"type":"if","locations":[{"start":{"line":61,"column":13},"end":{"line":61,"column":null}},{"start":{"line":61,"column":13},"end":{"line":61,"column":null}}]},"4":{"loc":{"start":{"line":62,"column":17},"end":{"line":62,"column":null}},"type":"if","locations":[{"start":{"line":62,"column":17},"end":{"line":62,"column":null}},{"start":{"line":62,"column":17},"end":{"line":62,"column":null}}]},"5":{"loc":{"start":{"line":63,"column":20},"end":{"line":63,"column":null}},"type":"if","locations":[{"start":{"line":63,"column":20},"end":{"line":63,"column":null}},{"start":{"line":63,"column":20},"end":{"line":63,"column":null}}]},"6":{"loc":{"start":{"line":57,"column":9},"end":{"line":57,"column":null}},"type":"binary-expr","locations":[{"start":{"line":57,"column":9},"end":{"line":57,"column":28}},{"start":{"line":57,"column":28},"end":{"line":57,"column":null}}]},"7":{"loc":{"start":{"line":45,"column":5},"end":{"line":45,"column":null}},"type":"if","locations":[{"start":{"line":45,"column":5},"end":{"line":45,"column":null}},{"start":{"line":45,"column":5},"end":{"line":45,"column":null}}]},"8":{"loc":{"start":{"line":40,"column":22},"end":{"line":40,"column":64}},"type":"cond-expr","locations":[{"start":{"line":40,"column":52},"end":{"line":40,"column":56}},{"start":{"line":40,"column":59},"end":{"line":40,"column":64}}]}},"s":{"0":0,"1":0,"2":0,"3":0,"4":0,"5":0,"6":0,"7":0,"8":0,"9":0,"10":0,"11":0,"12":0,"13":0,"14":0,"15":0,"16":0,"17":0,"18":0,"19":0,"20":0,"21":0},"f":{"0":0},"b":{"0":[0,0],"1":[0,0],"2":[0,0],"3":[0,0],"4":[0,0],"5":[0,0],"6":[0,0],"7":[0,0],"8":[0,0]}}
,"C:\\WhiteLabelTask\\white-label\\apps\\web\\src\\lib\\common\\components\\accordion\\AccordionItem.svelte": {"path":"C:\\WhiteLabelTask\\white-label\\apps\\web\\src\\lib\\common\\components\\accordion\\AccordionItem.svelte","statementMap":{"0":{"start":{"line":42,"column":3},"end":{"line":42,"column":null}},"1":{"start":{"line":42,"column":31},"end":{"line":42,"column":42}},"2":{"start":{"line":49,"column":4},"end":{"line":49,"column":null}},"3":{"start":{"line":49,"column":33},"end":{"line":49,"column":49}},"4":{"start":{"line":47,"column":4},"end":{"line":47,"column":null}},"5":{"start":{"line":47,"column":35},"end":{"line":47,"column":52}},"6":{"start":{"line":54,"column":2},"end":{"line":59,"column":null}},"7":{"start":{"line":58,"column":10},"end":{"line":58,"column":null}},"8":{"start":{"line":56,"column":23},"end":{"line":56,"column":null}},"9":{"start":{"line":41,"column":7},"end":{"line":41,"column":null}},"10":{"start":{"line":46,"column":8},"end":{"line":46,"column":null}},"11":{"start":{"line":46,"column":35},"end":{"line":46,"column":null}},"12":{"start":{"line":53,"column":6},"end":{"line":53,"column":null}},"13":{"start":{"line":44,"column":67},"end":{"line":44,"column":81}},"14":{"start":{"line":37,"column":59},"end":{"line":39,"column":null}},"15":{"start":{"line":35,"column":0},"end":{"line":61,"column":null}},"16":{"start":{"line":36,"column":1},"end":{"line":52,"column":null}},"17":{"start":{"line":44,"column":2},"end":{"line":44,"column":null}},"18":{"start":{"line":45,"column":2},"end":{"line":51,"column":null}},"19":{"start":{"line":12,"column":24},"end":{"line":12,"column":null}},"20":{"start":{"line":17,"column":28},"end":{"line":17,"column":null}},"21":{"start":{"line":22,"column":31},"end":{"line":22,"column":null}},"22":{"start":{"line":27,"column":25},"end":{"line":27,"column":null}},"23":{"start":{"line":32,"column":51},"end":{"line":32,"column":null}}},"fnMap":{},"branchMap":{"0":{"loc":{"start":{"line":42,"column":31},"end":{"line":42,"column":42}},"type":"if","locations":[{"start":{"line":42,"column":31},"end":{"line":42,"column":42}},{"start":{"line":42,"column":31},"end":{"line":42,"column":42}}]},"1":{"loc":{"start":{"line":58,"column":10},"end":{"line":58,"column":null}},"type":"if","locations":[{"start":{"line":58,"column":10},"end":{"line":58,"column":null}},{"start":{"line":58,"column":10},"end":{"line":58,"column":null}}]},"2":{"loc":{"start":{"line":58,"column":10},"end":{"line":58,"column":21}},"type":"binary-expr","locations":[{"start":{"line":58,"column":10},"end":{"line":58,"column":21}},{"start":{"line":58,"column":10},"end":{"line":58,"column":21}}]},"3":{"loc":{"start":{"line":56,"column":23},"end":{"line":56,"column":null}},"type":"if","locations":[{"start":{"line":56,"column":23},"end":{"line":56,"column":null}},{"start":{"line":56,"column":23},"end":{"line":56,"column":null}}]},"4":{"loc":{"start":{"line":41,"column":7},"end":{"line":41,"column":null}},"type":"binary-expr","locations":[{"start":{"line":41,"column":7},"end":{"line":41,"column":null}},{"start":{"line":41,"column":11},"end":{"line":41,"column":null}}]},"5":{"loc":{"start":{"line":46,"column":8},"end":{"line":46,"column":null}},"type":"if","locations":[{"start":{"line":46,"column":8},"end":{"line":46,"column":null}},{"start":{"line":46,"column":8},"end":{"line":46,"column":null}}]},"6":{"loc":{"start":{"line":53,"column":6},"end":{"line":53,"column":null}},"type":"binary-expr","locations":[{"start":{"line":53,"column":6},"end":{"line":53,"column":null}},{"start":{"line":53,"column":33},"end":{"line":53,"column":null}}]},"7":{"loc":{"start":{"line":37,"column":59},"end":{"line":39,"column":7}},"type":"cond-expr","locations":[{"start":{"line":38,"column":5},"end":{"line":38,"column":38}},{"start":{"line":39,"column":5},"end":{"line":39,"column":7}}]},"8":{"loc":{"start":{"line":44,"column":67},"end":{"line":44,"column":81}},"type":"if","locations":[{"start":{"line":44,"column":67},"end":{"line":44,"column":81}},{"start":{"line":44,"column":67},"end":{"line":44,"column":81}}]},"9":{"loc":{"start":{"line":37,"column":59},"end":{"line":39,"column":null}},"type":"binary-expr","locations":[{"start":{"line":37,"column":59},"end":{"line":37,"column":76}},{"start":{"line":37,"column":59},"end":{"line":39,"column":null}}]},"10":{"loc":{"start":{"line":32,"column":12},"end":{"line":32,"column":51}},"type":"default-arg","locations":[{"start":{"line":32,"column":47},"end":{"line":32,"column":51}}]}},"s":{"0":0,"1":0,"2":0,"3":0,"4":0,"5":0,"6":0,"7":0,"8":0,"9":0,"10":0,"11":0,"12":0,"13":0,"14":0,"15":0,"16":0,"17":0,"18":0,"19":0,"20":0,"21":0,"22":0,"23":0},"f":{},"b":{"0":[0,0],"1":[0,0],"2":[0,0],"3":[0,0],"4":[0,0],"5":[0,0],"6":[0,0],"7":[0,0],"8":[0,0],"9":[0,0],"10":[0]}}
,"C:\\WhiteLabelTask\\white-label\\apps\\web\\src\\lib\\common\\components\\accordion\\GridCardAccordion.svelte": {"path":"C:\\WhiteLabelTask\\white-label\\apps\\web\\src\\lib\\common\\components\\accordion\\GridCardAccordion.svelte","statementMap":{"0":{"start":{"line":56,"column":8},"end":{"line":56,"column":null}},"1":{"start":{"line":61,"column":8},"end":{"line":61,"column":null}},"2":{"start":{"line":55,"column":2},"end":{"line":66,"column":null}},"3":{"start":{"line":58,"column":6},"end":{"line":58,"column":null}},"4":{"start":{"line":57,"column":4},"end":{"line":59,"column":null}},"5":{"start":{"line":58,"column":17},"end":{"line":58,"column":null}},"6":{"start":{"line":63,"column":6},"end":{"line":63,"column":null}},"7":{"start":{"line":62,"column":4},"end":{"line":64,"column":null}},"8":{"start":{"line":63,"column":20},"end":{"line":63,"column":null}},"9":{"start":{"line":74,"column":10},"end":{"line":74,"column":null}},"10":{"start":{"line":74,"column":5},"end":{"line":74,"column":9}},"11":{"start":{"line":70,"column":51},"end":{"line":72,"column":null}},"12":{"start":{"line":69,"column":2},"end":{"line":126,"column":null}},"13":{"start":{"line":94,"column":11},"end":{"line":94,"column":null}},"14":{"start":{"line":93,"column":9},"end":{"line":95,"column":null}},"15":{"start":{"line":94,"column":21},"end":{"line":94,"column":null}},"16":{"start":{"line":101,"column":11},"end":{"line":101,"column":null}},"17":{"start":{"line":98,"column":9},"end":{"line":102,"column":null}},"18":{"start":{"line":101,"column":28},"end":{"line":101,"column":null}},"19":{"start":{"line":121,"column":14},"end":{"line":121,"column":null}},"20":{"start":{"line":117,"column":14},"end":{"line":117,"column":null}},"21":{"start":{"line":116,"column":6},"end":{"line":122,"column":null}},"22":{"start":{"line":121,"column":27},"end":{"line":121,"column":null}},"23":{"start":{"line":118,"column":19},"end":{"line":118,"column":null}},"24":{"start":{"line":119,"column":20},"end":{"line":119,"column":null}},"25":{"start":{"line":92,"column":13},"end":{"line":92,"column":null}},"26":{"start":{"line":97,"column":13},"end":{"line":97,"column":null}},"27":{"start":{"line":115,"column":10},"end":{"line":115,"column":null}},"28":{"start":{"line":77,"column":23},"end":{"line":77,"column":null}},"29":{"start":{"line":75,"column":4},"end":{"line":124,"column":null}},"30":{"start":{"line":79,"column":5},"end":{"line":114,"column":null}},"31":{"start":{"line":87,"column":6},"end":{"line":113,"column":null}},"32":{"start":{"line":91,"column":7},"end":{"line":104,"column":null}},"33":{"start":{"line":105,"column":7},"end":{"line":107,"column":null}},"34":{"start":{"line":106,"column":15},"end":{"line":106,"column":null}},"35":{"start":{"line":108,"column":7},"end":{"line":112,"column":null}},"36":{"start":{"line":111,"column":15},"end":{"line":111,"column":null}},"37":{"start":{"line":54,"column":6},"end":{"line":54,"column":null}},"38":{"start":{"line":68,"column":6},"end":{"line":68,"column":null}},"39":{"start":{"line":53,"column":0},"end":{"line":128,"column":null}},"40":{"start":{"line":19,"column":2},"end":{"line":19,"column":395}},"41":{"start":{"line":14,"column":31},"end":{"line":14,"column":null}},"42":{"start":{"line":16,"column":17},"end":{"line":16,"column":null}},"43":{"start":{"line":17,"column":24},"end":{"line":17,"column":null}},"44":{"start":{"line":33,"column":21},"end":{"line":33,"column":33}},"45":{"start":{"line":37,"column":5},"end":{"line":37,"column":null}},"46":{"start":{"line":39,"column":4},"end":{"line":39,"column":null}},"47":{"start":{"line":40,"column":4},"end":{"line":40,"column":null}},"48":{"start":{"line":47,"column":3},"end":{"line":47,"column":null}},"49":{"start":{"line":49,"column":2},"end":{"line":49,"column":null}},"50":{"start":{"line":89,"column":18},"end":{"line":89,"column":null}}},"fnMap":{},"branchMap":{"0":{"loc":{"start":{"line":56,"column":8},"end":{"line":56,"column":null}},"type":"binary-expr","locations":[{"start":{"line":56,"column":8},"end":{"line":56,"column":19}},{"start":{"line":56,"column":19},"end":{"line":56,"column":null}}]},"1":{"loc":{"start":{"line":61,"column":8},"end":{"line":61,"column":null}},"type":"binary-expr","locations":[{"start":{"line":61,"column":8},"end":{"line":61,"column":22}},{"start":{"line":61,"column":22},"end":{"line":61,"column":null}}]},"2":{"loc":{"start":{"line":58,"column":6},"end":{"line":58,"column":null}},"type":"if","locations":[{"start":{"line":58,"column":6},"end":{"line":58,"column":null}},{"start":{"line":58,"column":6},"end":{"line":58,"column":null}}]},"3":{"loc":{"start":{"line":58,"column":6},"end":{"line":58,"column":null}},"type":"binary-expr","locations":[{"start":{"line":58,"column":6},"end":{"line":58,"column":10}},{"start":{"line":58,"column":6},"end":{"line":58,"column":null}}]},"4":{"loc":{"start":{"line":63,"column":6},"end":{"line":63,"column":null}},"type":"if","locations":[{"start":{"line":63,"column":6},"end":{"line":63,"column":null}},{"start":{"line":63,"column":6},"end":{"line":63,"column":null}}]},"5":{"loc":{"start":{"line":63,"column":6},"end":{"line":63,"column":null}},"type":"binary-expr","locations":[{"start":{"line":63,"column":6},"end":{"line":63,"column":10}},{"start":{"line":63,"column":6},"end":{"line":63,"column":null}}]},"6":{"loc":{"start":{"line":70,"column":51},"end":{"line":72,"column":33}},"type":"cond-expr","locations":[{"start":{"line":71,"column":6},"end":{"line":71,"column":8}},{"start":{"line":72,"column":6},"end":{"line":72,"column":33}}]},"7":{"loc":{"start":{"line":70,"column":51},"end":{"line":72,"column":null}},"type":"binary-expr","locations":[{"start":{"line":70,"column":51},"end":{"line":70,"column":55}},{"start":{"line":70,"column":51},"end":{"line":70,"column":55}},{"start":{"line":70,"column":51},"end":{"line":72,"column":null}}]},"8":{"loc":{"start":{"line":94,"column":11},"end":{"line":94,"column":null}},"type":"if","locations":[{"start":{"line":94,"column":11},"end":{"line":94,"column":null}},{"start":{"line":94,"column":11},"end":{"line":94,"column":null}}]},"9":{"loc":{"start":{"line":94,"column":11},"end":{"line":94,"column":null}},"type":"binary-expr","locations":[{"start":{"line":94,"column":11},"end":{"line":94,"column":15}},{"start":{"line":94,"column":11},"end":{"line":94,"column":null}}]},"10":{"loc":{"start":{"line":101,"column":11},"end":{"line":101,"column":null}},"type":"if","locations":[{"start":{"line":101,"column":11},"end":{"line":101,"column":null}},{"start":{"line":101,"column":11},"end":{"line":101,"column":null}}]},"11":{"loc":{"start":{"line":101,"column":11},"end":{"line":101,"column":null}},"type":"binary-expr","locations":[{"start":{"line":101,"column":11},"end":{"line":101,"column":15}},{"start":{"line":101,"column":11},"end":{"line":101,"column":null}}]},"12":{"loc":{"start":{"line":121,"column":14},"end":{"line":121,"column":null}},"type":"if","locations":[{"start":{"line":121,"column":14},"end":{"line":121,"column":null}},{"start":{"line":121,"column":14},"end":{"line":121,"column":null}}]},"13":{"loc":{"start":{"line":121,"column":14},"end":{"line":121,"column":null}},"type":"binary-expr","locations":[{"start":{"line":121,"column":14},"end":{"line":121,"column":18}},{"start":{"line":121,"column":14},"end":{"line":121,"column":18}},{"start":{"line":121,"column":14},"end":{"line":121,"column":null}}]},"14":{"loc":{"start":{"line":92,"column":13},"end":{"line":92,"column":null}},"type":"binary-expr","locations":[{"start":{"line":92,"column":13},"end":{"line":92,"column":23}},{"start":{"line":92,"column":23},"end":{"line":92,"column":null}}]},"15":{"loc":{"start":{"line":97,"column":13},"end":{"line":97,"column":null}},"type":"binary-expr","locations":[{"start":{"line":97,"column":13},"end":{"line":97,"column":30}},{"start":{"line":97,"column":30},"end":{"line":97,"column":null}}]},"16":{"loc":{"start":{"line":115,"column":10},"end":{"line":115,"column":null}},"type":"binary-expr","locations":[{"start":{"line":115,"column":10},"end":{"line":115,"column":22}},{"start":{"line":115,"column":22},"end":{"line":115,"column":null}}]},"17":{"loc":{"start":{"line":54,"column":6},"end":{"line":54,"column":null}},"type":"binary-expr","locations":[{"start":{"line":54,"column":6},"end":{"line":54,"column":27}},{"start":{"line":54,"column":27},"end":{"line":54,"column":null}}]},"18":{"loc":{"start":{"line":68,"column":6},"end":{"line":68,"column":null}},"type":"binary-expr","locations":[{"start":{"line":68,"column":6},"end":{"line":68,"column":32}},{"start":{"line":68,"column":32},"end":{"line":68,"column":null}}]},"19":{"loc":{"start":{"line":28,"column":11},"end":{"line":28,"column":null}},"type":"cond-expr","locations":[{"start":{"line":28,"column":22},"end":{"line":28,"column":38}},{"start":{"line":28,"column":41},"end":{"line":28,"column":null}}]},"20":{"loc":{"start":{"line":35,"column":7},"end":{"line":35,"column":18}},"type":"binary-expr","locations":[{"start":{"line":35,"column":7},"end":{"line":35,"column":11}},{"start":{"line":35,"column":15},"end":{"line":35,"column":18}}]}},"s":{"0":0,"1":0,"2":0,"3":0,"4":0,"5":0,"6":0,"7":0,"8":0,"9":0,"10":0,"11":0,"12":0,"13":0,"14":0,"15":0,"16":0,"17":0,"18":0,"19":0,"20":0,"21":0,"22":0,"23":0,"24":0,"25":0,"26":0,"27":0,"28":0,"29":0,"30":0,"31":0,"32":0,"33":0,"34":0,"35":0,"36":0,"37":0,"38":0,"39":0,"40":0,"41":0,"42":0,"43":0,"44":0,"45":0,"46":0,"47":0,"48":0,"49":0,"50":0},"f":{},"b":{"0":[0,0],"1":[0,0],"2":[0,0],"3":[0,0],"4":[0,0],"5":[0,0],"6":[0,0],"7":[0,0,0],"8":[0,0],"9":[0,0],"10":[0,0],"11":[0,0],"12":[0,0],"13":[0,0,0],"14":[0,0],"15":[0,0],"16":[0,0],"17":[0,0],"18":[0,0],"19":[0,0],"20":[0,0]}}
,"C:\\WhiteLabelTask\\white-label\\apps\\web\\src\\lib\\common\\components\\button\\FloatingButton.svelte": {"path":"C:\\WhiteLabelTask\\white-label\\apps\\web\\src\\lib\\common\\components\\button\\FloatingButton.svelte","statementMap":{"0":{"start":{"line":41,"column":4},"end":{"line":70,"column":null}},"1":{"start":{"line":42,"column":6},"end":{"line":55,"column":null}},"2":{"start":{"line":50,"column":8},"end":{"line":50,"column":null}},"3":{"start":{"line":50,"column":21},"end":{"line":50,"column":54}},"4":{"start":{"line":51,"column":8},"end":{"line":54,"column":null}},"5":{"start":{"line":56,"column":6},"end":{"line":69,"column":null}},"6":{"start":{"line":64,"column":8},"end":{"line":64,"column":null}},"7":{"start":{"line":64,"column":21},"end":{"line":64,"column":55}},"8":{"start":{"line":65,"column":8},"end":{"line":68,"column":null}},"9":{"start":{"line":40,"column":7},"end":{"line":40,"column":null}},"10":{"start":{"line":11,"column":25},"end":{"line":11,"column":30}},"11":{"start":{"line":12,"column":33},"end":{"line":12,"column":38}},"12":{"start":{"line":16,"column":29},"end":{"line":16,"column":34}},"13":{"start":{"line":20,"column":8},"end":{"line":20,"column":null}},"14":{"start":{"line":46,"column":10},"end":{"line":46,"column":null}},"15":{"start":{"line":47,"column":10},"end":{"line":47,"column":null}},"16":{"start":{"line":60,"column":10},"end":{"line":60,"column":null}},"17":{"start":{"line":61,"column":10},"end":{"line":61,"column":null}}},"fnMap":{},"branchMap":{"0":{"loc":{"start":{"line":40,"column":7},"end":{"line":40,"column":null}},"type":"binary-expr","locations":[{"start":{"line":40,"column":7},"end":{"line":40,"column":null}},{"start":{"line":40,"column":16},"end":{"line":40,"column":null}}]}},"s":{"0":0,"1":0,"2":0,"3":0,"4":0,"5":0,"6":0,"7":0,"8":0,"9":0,"10":0,"11":0,"12":0,"13":0,"14":0,"15":0,"16":0,"17":0},"f":{},"b":{"0":[0,0]}}
,"C:\\WhiteLabelTask\\white-label\\apps\\web\\src\\lib\\common\\components\\button\\GenericButton.svelte": {"path":"C:\\WhiteLabelTask\\white-label\\apps\\web\\src\\lib\\common\\components\\button\\GenericButton.svelte","statementMap":{"0":{"start":{"line":123,"column":18},"end":{"line":123,"column":null}},"1":{"start":{"line":123,"column":5},"end":{"line":123,"column":18}},"2":{"start":{"line":119,"column":80},"end":{"line":121,"column":null}},"3":{"start":{"line":118,"column":2},"end":{"line":133,"column":null}},"4":{"start":{"line":122,"column":13},"end":{"line":122,"column":null}},"5":{"start":{"line":122,"column":55},"end":{"line":122,"column":null}},"6":{"start":{"line":110,"column":8},"end":{"line":110,"column":null}},"7":{"start":{"line":109,"column":4},"end":{"line":109,"column":null}},"8":{"start":{"line":104,"column":80},"end":{"line":106,"column":null}},"9":{"start":{"line":103,"column":2},"end":{"line":116,"column":null}},"10":{"start":{"line":107,"column":13},"end":{"line":107,"column":null}},"11":{"start":{"line":125,"column":35},"end":{"line":129,"column":null}},"12":{"start":{"line":124,"column":4},"end":{"line":131,"column":null}},"13":{"start":{"line":130,"column":13},"end":{"line":130,"column":null}},"14":{"start":{"line":112,"column":97},"end":{"line":112,"column":null}},"15":{"start":{"line":111,"column":4},"end":{"line":114,"column":null}},"16":{"start":{"line":113,"column":13},"end":{"line":113,"column":null}},"17":{"start":{"line":102,"column":6},"end":{"line":102,"column":null}},"18":{"start":{"line":102,"column":21},"end":{"line":102,"column":null}},"19":{"start":{"line":7,"column":39},"end":{"line":7,"column":null}},"20":{"start":{"line":12,"column":33},"end":{"line":12,"column":null}},"21":{"start":{"line":17,"column":39},"end":{"line":17,"column":null}},"22":{"start":{"line":22,"column":35},"end":{"line":22,"column":null}},"23":{"start":{"line":27,"column":37},"end":{"line":27,"column":null}},"24":{"start":{"line":32,"column":39},"end":{"line":32,"column":null}},"25":{"start":{"line":37,"column":35},"end":{"line":37,"column":null}},"26":{"start":{"line":42,"column":34},"end":{"line":42,"column":null}},"27":{"start":{"line":47,"column":37},"end":{"line":47,"column":null}},"28":{"start":{"line":52,"column":44},"end":{"line":52,"column":null}},"29":{"start":{"line":54,"column":35},"end":{"line":54,"column":null}},"30":{"start":{"line":58,"column":38},"end":{"line":58,"column":null}},"31":{"start":{"line":68,"column":6},"end":{"line":68,"column":null}},"32":{"start":{"line":68,"column":41},"end":{"line":68,"column":null}},"33":{"start":{"line":71,"column":30},"end":{"line":71,"column":35}},"34":{"start":{"line":73,"column":2},"end":{"line":73,"column":null}},"35":{"start":{"line":81,"column":2},"end":{"line":81,"column":null}},"36":{"start":{"line":82,"column":20},"end":{"line":82,"column":null}},"37":{"start":{"line":83,"column":27},"end":{"line":83,"column":null}},"38":{"start":{"line":85,"column":3},"end":{"line":85,"column":null}}},"fnMap":{},"branchMap":{"0":{"loc":{"start":{"line":123,"column":18},"end":{"line":123,"column":null}},"type":"binary-expr","locations":[{"start":{"line":123,"column":18},"end":{"line":123,"column":null}},{"start":{"line":123,"column":26},"end":{"line":123,"column":null}}]},"1":{"loc":{"start":{"line":119,"column":80},"end":{"line":121,"column":18}},"type":"cond-expr","locations":[{"start":{"line":120,"column":14},"end":{"line":120,"column":null}},{"start":{"line":121,"column":6},"end":{"line":121,"column":18}}]},"2":{"loc":{"start":{"line":122,"column":13},"end":{"line":122,"column":null}},"type":"if","locations":[{"start":{"line":122,"column":13},"end":{"line":122,"column":null}},{"start":{"line":122,"column":13},"end":{"line":122,"column":null}}]},"3":{"loc":{"start":{"line":122,"column":13},"end":{"line":122,"column":55}},"type":"cond-expr","locations":[{"start":{"line":122,"column":29},"end":{"line":122,"column":51}},{"start":{"line":122,"column":51},"end":{"line":122,"column":55}}]},"4":{"loc":{"start":{"line":123,"column":5},"end":{"line":123,"column":18}},"type":"if","locations":[{"start":{"line":123,"column":5},"end":{"line":123,"column":18}},{"start":{"line":123,"column":5},"end":{"line":123,"column":18}}]},"5":{"loc":{"start":{"line":119,"column":80},"end":{"line":121,"column":null}},"type":"binary-expr","locations":[{"start":{"line":119,"column":80},"end":{"line":119,"column":92}},{"start":{"line":119,"column":80},"end":{"line":121,"column":null}}]},"6":{"loc":{"start":{"line":110,"column":8},"end":{"line":110,"column":null}},"type":"binary-expr","locations":[{"start":{"line":110,"column":8},"end":{"line":110,"column":null}},{"start":{"line":110,"column":16},"end":{"line":110,"column":null}}]},"7":{"loc":{"start":{"line":104,"column":80},"end":{"line":106,"column":18}},"type":"cond-expr","locations":[{"start":{"line":105,"column":14},"end":{"line":105,"column":null}},{"start":{"line":106,"column":6},"end":{"line":106,"column":18}}]},"8":{"loc":{"start":{"line":109,"column":4},"end":{"line":109,"column":null}},"type":"if","locations":[{"start":{"line":109,"column":4},"end":{"line":109,"column":null}},{"start":{"line":109,"column":4},"end":{"line":109,"column":null}}]},"9":{"loc":{"start":{"line":104,"column":80},"end":{"line":106,"column":null}},"type":"binary-expr","locations":[{"start":{"line":104,"column":80},"end":{"line":104,"column":92}},{"start":{"line":104,"column":80},"end":{"line":106,"column":null}}]},"10":{"loc":{"start":{"line":125,"column":35},"end":{"line":127,"column":24}},"type":"cond-expr","locations":[{"start":{"line":126,"column":14},"end":{"line":126,"column":null}},{"start":{"line":127,"column":8},"end":{"line":127,"column":24}}]},"11":{"loc":{"start":{"line":127,"column":70},"end":{"line":129,"column":23}},"type":"cond-expr","locations":[{"start":{"line":128,"column":8},"end":{"line":128,"column":null}},{"start":{"line":129,"column":8},"end":{"line":129,"column":23}}]},"12":{"loc":{"start":{"line":130,"column":13},"end":{"line":130,"column":null}},"type":"if","locations":[{"start":{"line":130,"column":13},"end":{"line":130,"column":null}},{"start":{"line":130,"column":13},"end":{"line":130,"column":null}}]},"13":{"loc":{"start":{"line":125,"column":35},"end":{"line":129,"column":null}},"type":"binary-expr","locations":[{"start":{"line":125,"column":35},"end":{"line":125,"column":45}},{"start":{"line":125,"column":35},"end":{"line":129,"column":null}}]},"14":{"loc":{"start":{"line":113,"column":13},"end":{"line":113,"column":null}},"type":"if","locations":[{"start":{"line":113,"column":13},"end":{"line":113,"column":null}},{"start":{"line":113,"column":13},"end":{"line":113,"column":null}}]},"15":{"loc":{"start":{"line":112,"column":97},"end":{"line":112,"column":null}},"type":"binary-expr","locations":[{"start":{"line":112,"column":97},"end":{"line":112,"column":103}},{"start":{"line":112,"column":97},"end":{"line":112,"column":null}}]},"16":{"loc":{"start":{"line":102,"column":6},"end":{"line":102,"column":null}},"type":"if","locations":[{"start":{"line":102,"column":6},"end":{"line":102,"column":null}},{"start":{"line":102,"column":6},"end":{"line":102,"column":null}}]},"17":{"loc":{"start":{"line":93,"column":14},"end":{"line":93,"column":null}},"type":"cond-expr","locations":[{"start":{"line":93,"column":65},"end":{"line":93,"column":74}},{"start":{"line":93,"column":77},"end":{"line":93,"column":null}}]},"18":{"loc":{"start":{"line":93,"column":14},"end":{"line":93,"column":65}},"type":"binary-expr","locations":[{"start":{"line":93,"column":14},"end":{"line":93,"column":43}},{"start":{"line":93,"column":47},"end":{"line":93,"column":65}}]},"19":{"loc":{"start":{"line":94,"column":15},"end":{"line":94,"column":52}},"type":"cond-expr","locations":[{"start":{"line":94,"column":40},"end":{"line":94,"column":44}},{"start":{"line":94,"column":47},"end":{"line":94,"column":52}}]},"20":{"loc":{"start":{"line":95,"column":25},"end":{"line":95,"column":null}},"type":"cond-expr","locations":[{"start":{"line":95,"column":25},"end":{"line":95,"column":null}}]},"21":{"loc":{"start":{"line":96,"column":45},"end":{"line":98,"column":29}},"type":"cond-expr","locations":[{"start":{"line":97,"column":4},"end":{"line":97,"column":null}},{"start":{"line":98,"column":4},"end":{"line":98,"column":29}}]},"22":{"loc":{"start":{"line":98,"column":98},"end":{"line":100,"column":6}},"type":"cond-expr","locations":[{"start":{"line":99,"column":21},"end":{"line":99,"column":null}},{"start":{"line":100,"column":4},"end":{"line":100,"column":6}}]},"23":{"loc":{"start":{"line":100,"column":10},"end":{"line":100,"column":60}},"type":"cond-expr","locations":[{"start":{"line":100,"column":29},"end":{"line":100,"column":44}},{"start":{"line":100,"column":44},"end":{"line":100,"column":60}}]},"24":{"loc":{"start":{"line":95,"column":5},"end":{"line":95,"column":20}},"type":"binary-expr","locations":[{"start":{"line":95,"column":5},"end":{"line":95,"column":20}}]},"25":{"loc":{"start":{"line":12,"column":12},"end":{"line":12,"column":33}},"type":"default-arg","locations":[{"start":{"line":12,"column":31},"end":{"line":12,"column":33}}]},"26":{"loc":{"start":{"line":22,"column":12},"end":{"line":22,"column":35}},"type":"default-arg","locations":[{"start":{"line":22,"column":33},"end":{"line":22,"column":35}}]},"27":{"loc":{"start":{"line":27,"column":12},"end":{"line":27,"column":37}},"type":"default-arg","locations":[{"start":{"line":27,"column":35},"end":{"line":27,"column":37}}]},"28":{"loc":{"start":{"line":32,"column":12},"end":{"line":32,"column":39}},"type":"default-arg","locations":[{"start":{"line":32,"column":37},"end":{"line":32,"column":39}}]},"29":{"loc":{"start":{"line":37,"column":12},"end":{"line":37,"column":35}},"type":"default-arg","locations":[{"start":{"line":37,"column":29},"end":{"line":37,"column":35}}]},"30":{"loc":{"start":{"line":42,"column":12},"end":{"line":42,"column":34}},"type":"default-arg","locations":[{"start":{"line":42,"column":32},"end":{"line":42,"column":34}}]},"31":{"loc":{"start":{"line":47,"column":12},"end":{"line":47,"column":37}},"type":"default-arg","locations":[{"start":{"line":47,"column":35},"end":{"line":47,"column":37}}]},"32":{"loc":{"start":{"line":52,"column":12},"end":{"line":52,"column":44}},"type":"default-arg","locations":[{"start":{"line":52,"column":39},"end":{"line":52,"column":44}}]},"33":{"loc":{"start":{"line":54,"column":12},"end":{"line":54,"column":35}},"type":"default-arg","locations":[{"start":{"line":54,"column":33},"end":{"line":54,"column":35}}]},"34":{"loc":{"start":{"line":58,"column":12},"end":{"line":58,"column":38}},"type":"default-arg","locations":[{"start":{"line":58,"column":36},"end":{"line":58,"column":38}}]},"35":{"loc":{"start":{"line":68,"column":6},"end":{"line":68,"column":null}},"type":"if","locations":[{"start":{"line":68,"column":6},"end":{"line":68,"column":null}},{"start":{"line":68,"column":6},"end":{"line":68,"column":null}}]},"36":{"loc":{"start":{"line":68,"column":6},"end":{"line":68,"column":39}},"type":"binary-expr","locations":[{"start":{"line":68,"column":6},"end":{"line":68,"column":20}},{"start":{"line":68,"column":24},"end":{"line":68,"column":39}}]}},"s":{"0":0,"1":0,"2":0,"3":0,"4":0,"5":0,"6":0,"7":0,"8":0,"9":0,"10":0,"11":0,"12":0,"13":0,"14":0,"15":0,"16":0,"17":0,"18":0,"19":0,"20":0,"21":0,"22":0,"23":0,"24":0,"25":0,"26":0,"27":0,"28":0,"29":0,"30":0,"31":0,"32":0,"33":0,"34":0,"35":0,"36":0,"37":0,"38":0},"f":{},"b":{"0":[0,0],"1":[0,0],"2":[0,0],"3":[0,0],"4":[0,0],"5":[0,0],"6":[0,0],"7":[0,0],"8":[0,0],"9":[0,0],"10":[0,0],"11":[0,0],"12":[0,0],"13":[0,0],"14":[0,0],"15":[0,0],"16":[0,0],"17":[0,0],"18":[0,0],"19":[0,0],"20":[0],"21":[0,0],"22":[0,0],"23":[0,0],"24":[0],"25":[0],"26":[0],"27":[0],"28":[0],"29":[0],"30":[0],"31":[0],"32":[0],"33":[0],"34":[0],"35":[0,0],"36":[0,0]}}
,"C:\\WhiteLabelTask\\white-label\\apps\\web\\src\\lib\\common\\components\\card-slider\\Slider.svelte": {"path":"C:\\WhiteLabelTask\\white-label\\apps\\web\\src\\lib\\common\\components\\card-slider\\Slider.svelte","statementMap":{"0":{"start":{"line":82,"column":9},"end":{"line":82,"column":null}},"1":{"start":{"line":77,"column":9},"end":{"line":78,"column":null}},"2":{"start":{"line":71,"column":6},"end":{"line":83,"column":null}},"3":{"start":{"line":159,"column":26},"end":{"line":159,"column":null}},"4":{"start":{"line":169,"column":34},"end":{"line":169,"column":null}},"5":{"start":{"line":171,"column":21},"end":{"line":171,"column":null}},"6":{"start":{"line":171,"column":37},"end":{"line":171,"column":null}},"7":{"start":{"line":138,"column":19},"end":{"line":138,"column":null}},"8":{"start":{"line":155,"column":19},"end":{"line":155,"column":null}},"9":{"start":{"line":157,"column":21},"end":{"line":157,"column":null}},"10":{"start":{"line":136,"column":32},"end":{"line":136,"column":null}},"11":{"start":{"line":153,"column":32},"end":{"line":153,"column":null}},"12":{"start":{"line":104,"column":12},"end":{"line":175,"column":null}},"13":{"start":{"line":127,"column":14},"end":{"line":174,"column":null}},"14":{"start":{"line":128,"column":16},"end":{"line":139,"column":null}},"15":{"start":{"line":140,"column":16},"end":{"line":156,"column":null}},"16":{"start":{"line":138,"column":30},"end":{"line":138,"column":null}},"17":{"start":{"line":155,"column":36},"end":{"line":155,"column":null}},"18":{"start":{"line":100,"column":18},"end":{"line":100,"column":null}},"19":{"start":{"line":101,"column":26},"end":{"line":101,"column":null}},"20":{"start":{"line":98,"column":15},"end":{"line":98,"column":null}},"21":{"start":{"line":98,"column":10},"end":{"line":98,"column":14}},"22":{"start":{"line":70,"column":9},"end":{"line":70,"column":null}},"23":{"start":{"line":69,"column":2},"end":{"line":181,"column":null}},"24":{"start":{"line":85,"column":4},"end":{"line":180,"column":null}},"25":{"start":{"line":16,"column":33},"end":{"line":16,"column":null}},"26":{"start":{"line":17,"column":32},"end":{"line":17,"column":null}},"27":{"start":{"line":18,"column":33},"end":{"line":18,"column":null}}},"fnMap":{},"branchMap":{"0":{"loc":{"start":{"line":77,"column":9},"end":{"line":77,"column":52}},"type":"cond-expr","locations":[{"start":{"line":77,"column":34},"end":{"line":77,"column":42}},{"start":{"line":77,"column":45},"end":{"line":77,"column":52}}]},"1":{"loc":{"start":{"line":78,"column":9},"end":{"line":78,"column":61}},"type":"cond-expr","locations":[{"start":{"line":78,"column":34},"end":{"line":78,"column":46}},{"start":{"line":78,"column":49},"end":{"line":78,"column":61}}]},"2":{"loc":{"start":{"line":82,"column":9},"end":{"line":82,"column":null}},"type":"if","locations":[{"start":{"line":82,"column":9},"end":{"line":82,"column":null}},{"start":{"line":82,"column":9},"end":{"line":82,"column":null}}]},"3":{"loc":{"start":{"line":77,"column":9},"end":{"line":78,"column":null}},"type":"binary-expr","locations":[{"start":{"line":77,"column":9},"end":{"line":77,"column":19}},{"start":{"line":77,"column":9},"end":{"line":78,"column":null}}]},"4":{"loc":{"start":{"line":159,"column":26},"end":{"line":159,"column":null}},"type":"if","locations":[{"start":{"line":159,"column":26},"end":{"line":159,"column":null}},{"start":{"line":159,"column":26},"end":{"line":159,"column":null}}]},"5":{"loc":{"start":{"line":169,"column":34},"end":{"line":169,"column":null}},"type":"if","locations":[{"start":{"line":169,"column":34},"end":{"line":169,"column":null}},{"start":{"line":169,"column":34},"end":{"line":169,"column":null}}]},"6":{"loc":{"start":{"line":171,"column":21},"end":{"line":171,"column":null}},"type":"if","locations":[{"start":{"line":171,"column":21},"end":{"line":171,"column":null}},{"start":{"line":171,"column":21},"end":{"line":171,"column":null}}]},"7":{"loc":{"start":{"line":171,"column":21},"end":{"line":171,"column":null}},"type":"binary-expr","locations":[{"start":{"line":171,"column":21},"end":{"line":171,"column":25}},{"start":{"line":171,"column":21},"end":{"line":171,"column":null}}]},"8":{"loc":{"start":{"line":157,"column":21},"end":{"line":157,"column":null}},"type":"binary-expr","locations":[{"start":{"line":157,"column":21},"end":{"line":157,"column":37}},{"start":{"line":157,"column":37},"end":{"line":157,"column":null}}]},"9":{"loc":{"start":{"line":138,"column":19},"end":{"line":138,"column":null}},"type":"if","locations":[{"start":{"line":138,"column":19},"end":{"line":138,"column":null}},{"start":{"line":138,"column":19},"end":{"line":138,"column":null}}]},"10":{"loc":{"start":{"line":138,"column":19},"end":{"line":138,"column":null}},"type":"binary-expr","locations":[{"start":{"line":138,"column":19},"end":{"line":138,"column":23}},{"start":{"line":138,"column":19},"end":{"line":138,"column":23}},{"start":{"line":138,"column":19},"end":{"line":138,"column":null}}]},"11":{"loc":{"start":{"line":155,"column":19},"end":{"line":155,"column":null}},"type":"if","locations":[{"start":{"line":155,"column":19},"end":{"line":155,"column":null}},{"start":{"line":155,"column":19},"end":{"line":155,"column":null}}]},"12":{"loc":{"start":{"line":155,"column":19},"end":{"line":155,"column":null}},"type":"binary-expr","locations":[{"start":{"line":155,"column":19},"end":{"line":155,"column":23}},{"start":{"line":155,"column":19},"end":{"line":155,"column":23}},{"start":{"line":155,"column":19},"end":{"line":155,"column":null}}]},"13":{"loc":{"start":{"line":100,"column":18},"end":{"line":100,"column":null}},"type":"if","locations":[{"start":{"line":100,"column":18},"end":{"line":100,"column":null}},{"start":{"line":100,"column":18},"end":{"line":100,"column":null}}]},"14":{"loc":{"start":{"line":101,"column":26},"end":{"line":101,"column":null}},"type":"if","locations":[{"start":{"line":101,"column":26},"end":{"line":101,"column":null}},{"start":{"line":101,"column":26},"end":{"line":101,"column":null}}]},"15":{"loc":{"start":{"line":70,"column":9},"end":{"line":70,"column":null}},"type":"binary-expr","locations":[{"start":{"line":70,"column":9},"end":{"line":70,"column":null}},{"start":{"line":70,"column":14},"end":{"line":70,"column":null}}]},"16":{"loc":{"start":{"line":16,"column":15},"end":{"line":16,"column":33}},"type":"default-arg","locations":[{"start":{"line":16,"column":31},"end":{"line":16,"column":33}}]},"17":{"loc":{"start":{"line":57,"column":30},"end":{"line":57,"column":78}},"type":"cond-expr","locations":[{"start":{"line":57,"column":55},"end":{"line":57,"column":65}},{"start":{"line":57,"column":68},"end":{"line":57,"column":78}}]},"18":{"loc":{"start":{"line":57,"column":82},"end":{"line":57,"column":159}},"type":"cond-expr","locations":[{"start":{"line":57,"column":107},"end":{"line":57,"column":132}},{"start":{"line":57,"column":135},"end":{"line":57,"column":159}}]},"19":{"loc":{"start":{"line":59,"column":21},"end":{"line":59,"column":73}},"type":"cond-expr","locations":[{"start":{"line":59,"column":46},"end":{"line":59,"column":58}},{"start":{"line":59,"column":61},"end":{"line":59,"column":73}}]},"20":{"loc":{"start":{"line":65,"column":30},"end":{"line":65,"column":72}},"type":"cond-expr","locations":[{"start":{"line":65,"column":55},"end":{"line":65,"column":67}},{"start":{"line":65,"column":70},"end":{"line":65,"column":72}}]}},"s":{"0":0,"1":0,"2":0,"3":0,"4":0,"5":0,"6":0,"7":0,"8":0,"9":0,"10":0,"11":0,"12":0,"13":0,"14":0,"15":0,"16":0,"17":0,"18":0,"19":0,"20":0,"21":0,"22":0,"23":0,"24":0,"25":0,"26":0,"27":0},"f":{},"b":{"0":[0,0],"1":[0,0],"2":[0,0],"3":[0,0],"4":[0,0],"5":[0,0],"6":[0,0],"7":[0,0],"8":[0,0],"9":[0,0],"10":[0,0,0],"11":[0,0],"12":[0,0,0],"13":[0,0],"14":[0,0],"15":[0,0],"16":[0],"17":[0,0],"18":[0,0],"19":[0,0],"20":[0,0]}}
,"C:\\WhiteLabelTask\\white-label\\apps\\web\\src\\lib\\common\\components\\coming-soon\\ComingSoon.svelte": {"path":"C:\\WhiteLabelTask\\white-label\\apps\\web\\src\\lib\\common\\components\\coming-soon\\ComingSoon.svelte","statementMap":{"0":{"start":{"line":34,"column":13},"end":{"line":34,"column":null}},"1":{"start":{"line":29,"column":8},"end":{"line":37,"column":null}},"2":{"start":{"line":30,"column":10},"end":{"line":30,"column":null}},"3":{"start":{"line":31,"column":10},"end":{"line":35,"column":null}},"4":{"start":{"line":36,"column":10},"end":{"line":36,"column":null}},"5":{"start":{"line":42,"column":11},"end":{"line":42,"column":null}},"6":{"start":{"line":41,"column":8},"end":{"line":43,"column":null}},"7":{"start":{"line":46,"column":8},"end":{"line":52,"column":null}},"8":{"start":{"line":48,"column":21},"end":{"line":48,"column":null}},"9":{"start":{"line":49,"column":21},"end":{"line":49,"column":null}},"10":{"start":{"line":50,"column":23},"end":{"line":50,"column":null}},"11":{"start":{"line":28,"column":11},"end":{"line":28,"column":null}},"12":{"start":{"line":40,"column":11},"end":{"line":40,"column":null}},"13":{"start":{"line":45,"column":11},"end":{"line":45,"column":null}},"14":{"start":{"line":24,"column":13},"end":{"line":24,"column":null}},"15":{"start":{"line":24,"column":54},"end":{"line":24,"column":null}},"16":{"start":{"line":25,"column":13},"end":{"line":25,"column":null}},"17":{"start":{"line":14,"column":2},"end":{"line":55,"column":null}},"18":{"start":{"line":22,"column":4},"end":{"line":54,"column":null}},"19":{"start":{"line":23,"column":6},"end":{"line":27,"column":null}},"20":{"start":{"line":9,"column":53},"end":{"line":9,"column":null}},"21":{"start":{"line":10,"column":39},"end":{"line":10,"column":null}}},"fnMap":{},"branchMap":{"0":{"loc":{"start":{"line":34,"column":13},"end":{"line":34,"column":null}},"type":"if","locations":[{"start":{"line":34,"column":13},"end":{"line":34,"column":null}},{"start":{"line":34,"column":13},"end":{"line":34,"column":null}}]},"1":{"loc":{"start":{"line":42,"column":11},"end":{"line":42,"column":null}},"type":"if","locations":[{"start":{"line":42,"column":11},"end":{"line":42,"column":null}},{"start":{"line":42,"column":11},"end":{"line":42,"column":null}}]},"2":{"loc":{"start":{"line":50,"column":23},"end":{"line":50,"column":56}},"type":"cond-expr","locations":[{"start":{"line":50,"column":38},"end":{"line":50,"column":46}},{"start":{"line":50,"column":49},"end":{"line":50,"column":56}}]},"3":{"loc":{"start":{"line":48,"column":21},"end":{"line":48,"column":null}},"type":"if","locations":[{"start":{"line":48,"column":21},"end":{"line":48,"column":null}},{"start":{"line":48,"column":21},"end":{"line":48,"column":null}}]},"4":{"loc":{"start":{"line":49,"column":21},"end":{"line":49,"column":null}},"type":"if","locations":[{"start":{"line":49,"column":21},"end":{"line":49,"column":null}},{"start":{"line":49,"column":21},"end":{"line":49,"column":null}}]},"5":{"loc":{"start":{"line":50,"column":23},"end":{"line":50,"column":null}},"type":"if","locations":[{"start":{"line":50,"column":23},"end":{"line":50,"column":null}},{"start":{"line":50,"column":23},"end":{"line":50,"column":null}}]},"6":{"loc":{"start":{"line":28,"column":11},"end":{"line":28,"column":null}},"type":"binary-expr","locations":[{"start":{"line":28,"column":11},"end":{"line":28,"column":null}},{"start":{"line":28,"column":16},"end":{"line":28,"column":null}}]},"7":{"loc":{"start":{"line":40,"column":11},"end":{"line":40,"column":null}},"type":"binary-expr","locations":[{"start":{"line":40,"column":11},"end":{"line":40,"column":null}},{"start":{"line":40,"column":22},"end":{"line":40,"column":null}}]},"8":{"loc":{"start":{"line":45,"column":11},"end":{"line":45,"column":null}},"type":"binary-expr","locations":[{"start":{"line":45,"column":11},"end":{"line":45,"column":21}},{"start":{"line":45,"column":21},"end":{"line":45,"column":null}}]},"9":{"loc":{"start":{"line":24,"column":13},"end":{"line":24,"column":null}},"type":"if","locations":[{"start":{"line":24,"column":13},"end":{"line":24,"column":null}},{"start":{"line":24,"column":13},"end":{"line":24,"column":null}}]},"10":{"loc":{"start":{"line":24,"column":13},"end":{"line":24,"column":54}},"type":"cond-expr","locations":[{"start":{"line":24,"column":25},"end":{"line":24,"column":34}},{"start":{"line":24,"column":37},"end":{"line":24,"column":54}}]},"11":{"loc":{"start":{"line":24,"column":13},"end":{"line":24,"column":null}},"type":"binary-expr","locations":[{"start":{"line":24,"column":13},"end":{"line":24,"column":17}},{"start":{"line":24,"column":13},"end":{"line":24,"column":17}},{"start":{"line":24,"column":13},"end":{"line":24,"column":null}}]},"12":{"loc":{"start":{"line":25,"column":13},"end":{"line":25,"column":null}},"type":"binary-expr","locations":[{"start":{"line":25,"column":13},"end":{"line":25,"column":17}},{"start":{"line":25,"column":13},"end":{"line":25,"column":17}},{"start":{"line":25,"column":13},"end":{"line":25,"column":null}}]},"13":{"loc":{"start":{"line":9,"column":15},"end":{"line":9,"column":53}},"type":"default-arg","locations":[{"start":{"line":9,"column":31},"end":{"line":9,"column":53}}]},"14":{"loc":{"start":{"line":10,"column":15},"end":{"line":10,"column":39}},"type":"default-arg","locations":[{"start":{"line":10,"column":37},"end":{"line":10,"column":39}}]}},"s":{"0":0,"1":0,"2":0,"3":0,"4":0,"5":0,"6":0,"7":0,"8":0,"9":0,"10":0,"11":0,"12":0,"13":0,"14":0,"15":0,"16":0,"17":0,"18":0,"19":0,"20":0,"21":0},"f":{},"b":{"0":[0,0],"1":[0,0],"2":[0,0],"3":[0,0],"4":[0,0],"5":[0,0],"6":[0,0],"7":[0,0],"8":[0,0],"9":[0,0],"10":[0,0],"11":[0,0,0],"12":[0,0,0],"13":[0],"14":[0]}}
,"C:\\WhiteLabelTask\\white-label\\apps\\web\\src\\lib\\common\\components\\custom-select\\CheckBoxElement.svelte": {"path":"C:\\WhiteLabelTask\\white-label\\apps\\web\\src\\lib\\common\\components\\custom-select\\CheckBoxElement.svelte","statementMap":{"0":{"start":{"line":53,"column":11},"end":{"line":53,"column":null}},"1":{"start":{"line":51,"column":11},"end":{"line":51,"column":null}},"2":{"start":{"line":50,"column":8},"end":{"line":50,"column":null}},"3":{"start":{"line":50,"column":15},"end":{"line":50,"column":null}},"4":{"start":{"line":62,"column":4},"end":{"line":62,"column":null}},"5":{"start":{"line":49,"column":33},"end":{"line":49,"column":null}},"6":{"start":{"line":58,"column":45},"end":{"line":60,"column":null}},"7":{"start":{"line":66,"column":31},"end":{"line":70,"column":null}},"8":{"start":{"line":43,"column":10},"end":{"line":43,"column":null}},"9":{"start":{"line":42,"column":0},"end":{"line":72,"column":null}},"10":{"start":{"line":48,"column":1},"end":{"line":64,"column":null}},"11":{"start":{"line":49,"column":2},"end":{"line":55,"column":null}},"12":{"start":{"line":57,"column":2},"end":{"line":63,"column":null}},"13":{"start":{"line":65,"column":1},"end":{"line":71,"column":null}},"14":{"start":{"line":45,"column":11},"end":{"line":45,"column":null}},"15":{"start":{"line":9,"column":28},"end":{"line":9,"column":null}},"16":{"start":{"line":14,"column":24},"end":{"line":14,"column":null}},"17":{"start":{"line":19,"column":58},"end":{"line":19,"column":null}},"18":{"start":{"line":24,"column":1},"end":{"line":24,"column":null}},"19":{"start":{"line":29,"column":44},"end":{"line":29,"column":null}},"20":{"start":{"line":36,"column":2},"end":{"line":36,"column":null}},"21":{"start":{"line":37,"column":2},"end":{"line":37,"column":null}},"22":{"start":{"line":39,"column":26},"end":{"line":39,"column":53}}},"fnMap":{},"branchMap":{"0":{"loc":{"start":{"line":50,"column":8},"end":{"line":50,"column":null}},"type":"if","locations":[{"start":{"line":50,"column":8},"end":{"line":50,"column":null}},{"start":{"line":50,"column":8},"end":{"line":50,"column":null}}]},"1":{"loc":{"start":{"line":58,"column":45},"end":{"line":60,"column":40}},"type":"cond-expr","locations":[{"start":{"line":59,"column":6},"end":{"line":59,"column":26}},{"start":{"line":60,"column":6},"end":{"line":60,"column":40}}]},"2":{"loc":{"start":{"line":66,"column":31},"end":{"line":70,"column":31}},"type":"cond-expr","locations":[{"start":{"line":67,"column":5},"end":{"line":67,"column":30}},{"start":{"line":68,"column":5},"end":{"line":70,"column":31}}]},"3":{"loc":{"start":{"line":68,"column":5},"end":{"line":70,"column":31}},"type":"cond-expr","locations":[{"start":{"line":69,"column":6},"end":{"line":69,"column":28}},{"start":{"line":70,"column":6},"end":{"line":70,"column":31}}]},"4":{"loc":{"start":{"line":43,"column":10},"end":{"line":43,"column":51}},"type":"cond-expr","locations":[{"start":{"line":43,"column":40},"end":{"line":43,"column":46}},{"start":{"line":43,"column":49},"end":{"line":43,"column":51}}]},"5":{"loc":{"start":{"line":43,"column":10},"end":{"line":43,"column":40}},"type":"binary-expr","locations":[{"start":{"line":43,"column":10},"end":{"line":43,"column":24}},{"start":{"line":43,"column":19},"end":{"line":43,"column":40}}]},"6":{"loc":{"start":{"line":49,"column":33},"end":{"line":49,"column":null}},"type":"binary-expr","locations":[{"start":{"line":49,"column":33},"end":{"line":49,"column":37}},{"start":{"line":49,"column":33},"end":{"line":49,"column":null}}]},"7":{"loc":{"start":{"line":62,"column":4},"end":{"line":62,"column":null}},"type":"if","locations":[{"start":{"line":62,"column":4},"end":{"line":62,"column":null}},{"start":{"line":62,"column":4},"end":{"line":62,"column":null}}]},"8":{"loc":{"start":{"line":58,"column":45},"end":{"line":60,"column":null}},"type":"binary-expr","locations":[{"start":{"line":58,"column":45},"end":{"line":58,"column":52}},{"start":{"line":58,"column":45},"end":{"line":60,"column":null}}]},"9":{"loc":{"start":{"line":66,"column":31},"end":{"line":70,"column":null}},"type":"binary-expr","locations":[{"start":{"line":66,"column":31},"end":{"line":66,"column":38}},{"start":{"line":66,"column":31},"end":{"line":70,"column":null}}]},"10":{"loc":{"start":{"line":43,"column":10},"end":{"line":43,"column":null}},"type":"binary-expr","locations":[{"start":{"line":43,"column":10},"end":{"line":43,"column":19}},{"start":{"line":43,"column":10},"end":{"line":43,"column":null}}]},"11":{"loc":{"start":{"line":19,"column":12},"end":{"line":19,"column":58}},"type":"default-arg","locations":[{"start":{"line":19,"column":49},"end":{"line":19,"column":58}}]}},"s":{"0":0,"1":0,"2":0,"3":0,"4":0,"5":0,"6":0,"7":0,"8":0,"9":0,"10":0,"11":0,"12":0,"13":0,"14":0,"15":0,"16":0,"17":0,"18":0,"19":0,"20":0,"21":0,"22":0},"f":{},"b":{"0":[0,0],"1":[0,0],"2":[0,0],"3":[0,0],"4":[0,0],"5":[0,0],"6":[0,0],"7":[0,0],"8":[0,0],"9":[0,0],"10":[0,0],"11":[0]}}
,"C:\\WhiteLabelTask\\white-label\\apps\\web\\src\\lib\\common\\components\\custom-select\\CustomSelect.svelte": {"path":"C:\\WhiteLabelTask\\white-label\\apps\\web\\src\\lib\\common\\components\\custom-select\\CustomSelect.svelte","statementMap":{"0":{"start":{"line":116,"column":10},"end":{"line":116,"column":null}},"1":{"start":{"line":116,"column":5},"end":{"line":116,"column":9}},"2":{"start":{"line":112,"column":2},"end":{"line":125,"column":null}},"3":{"start":{"line":116,"column":5},"end":{"line":116,"column":10}},"4":{"start":{"line":122,"column":6},"end":{"line":122,"column":null}},"5":{"start":{"line":117,"column":4},"end":{"line":123,"column":null}},"6":{"start":{"line":122,"column":18},"end":{"line":122,"column":null}},"7":{"start":{"line":131,"column":10},"end":{"line":131,"column":null}},"8":{"start":{"line":131,"column":5},"end":{"line":131,"column":9}},"9":{"start":{"line":131,"column":5},"end":{"line":131,"column":10}},"10":{"start":{"line":132,"column":34},"end":{"line":132,"column":56}},"11":{"start":{"line":132,"column":19},"end":{"line":132,"column":34}},"12":{"start":{"line":132,"column":4},"end":{"line":132,"column":null}},"13":{"start":{"line":132,"column":46},"end":{"line":132,"column":56}},"14":{"start":{"line":104,"column":5},"end":{"line":104,"column":null}},"15":{"start":{"line":111,"column":6},"end":{"line":111,"column":null}},"16":{"start":{"line":130,"column":7},"end":{"line":130,"column":null}},"17":{"start":{"line":129,"column":20},"end":{"line":129,"column":41}},"18":{"start":{"line":95,"column":40},"end":{"line":101,"column":null}},"19":{"start":{"line":108,"column":12},"end":{"line":108,"column":87}},"20":{"start":{"line":108,"column":57},"end":{"line":108,"column":87}},"21":{"start":{"line":107,"column":14},"end":{"line":107,"column":null}},"22":{"start":{"line":91,"column":0},"end":{"line":136,"column":null}},"23":{"start":{"line":92,"column":1},"end":{"line":106,"column":null}},"24":{"start":{"line":103,"column":2},"end":{"line":105,"column":null}},"25":{"start":{"line":107,"column":1},"end":{"line":109,"column":null}},"26":{"start":{"line":108,"column":2},"end":{"line":108,"column":null}},"27":{"start":{"line":128,"column":1},"end":{"line":135,"column":null}},"28":{"start":{"line":129,"column":2},"end":{"line":129,"column":null}},"29":{"start":{"line":94,"column":12},"end":{"line":94,"column":null}},"30":{"start":{"line":94,"column":44},"end":{"line":94,"column":null}},"31":{"start":{"line":104,"column":70},"end":{"line":104,"column":null}},"32":{"start":{"line":9,"column":55},"end":{"line":9,"column":null}},"33":{"start":{"line":10,"column":49},"end":{"line":10,"column":null}},"34":{"start":{"line":11,"column":34},"end":{"line":11,"column":null}},"35":{"start":{"line":12,"column":52},"end":{"line":12,"column":null}},"36":{"start":{"line":13,"column":29},"end":{"line":13,"column":null}},"37":{"start":{"line":14,"column":54},"end":{"line":14,"column":null}},"38":{"start":{"line":15,"column":37},"end":{"line":15,"column":null}},"39":{"start":{"line":16,"column":19},"end":{"line":16,"column":null}},"40":{"start":{"line":17,"column":62},"end":{"line":17,"column":null}},"41":{"start":{"line":19,"column":14},"end":{"line":19,"column":19}},"42":{"start":{"line":22,"column":18},"end":{"line":22,"column":null}},"43":{"start":{"line":25,"column":2},"end":{"line":25,"column":null}},"44":{"start":{"line":29,"column":4},"end":{"line":29,"column":null}},"45":{"start":{"line":34,"column":3},"end":{"line":34,"column":null}},"46":{"start":{"line":35,"column":3},"end":{"line":35,"column":null}},"47":{"start":{"line":45,"column":3},"end":{"line":45,"column":null}},"48":{"start":{"line":54,"column":2},"end":{"line":54,"column":null}},"49":{"start":{"line":56,"column":3},"end":{"line":56,"column":null}},"50":{"start":{"line":57,"column":3},"end":{"line":57,"column":null}},"51":{"start":{"line":59,"column":2},"end":{"line":59,"column":null}},"52":{"start":{"line":69,"column":2},"end":{"line":69,"column":null}},"53":{"start":{"line":70,"column":2},"end":{"line":70,"column":null}},"54":{"start":{"line":71,"column":2},"end":{"line":71,"column":null}},"55":{"start":{"line":104,"column":20},"end":{"line":104,"column":47}},"56":{"start":{"line":104,"column":28},"end":{"line":104,"column":47}},"57":{"start":{"line":98,"column":4},"end":{"line":98,"column":31}},"58":{"start":{"line":98,"column":12},"end":{"line":98,"column":31}},"59":{"start":{"line":119,"column":21},"end":{"line":119,"column":null}},"60":{"start":{"line":114,"column":14},"end":{"line":114,"column":null}},"61":{"start":{"line":91,"column":33},"end":{"line":91,"column":null}},"62":{"start":{"line":76,"column":15},"end":{"line":76,"column":null}},"63":{"start":{"line":77,"column":23},"end":{"line":77,"column":null}},"64":{"start":{"line":78,"column":21},"end":{"line":78,"column":53}},"65":{"start":{"line":82,"column":3},"end":{"line":82,"column":null}},"66":{"start":{"line":83,"column":3},"end":{"line":83,"column":null}},"67":{"start":{"line":85,"column":3},"end":{"line":85,"column":null}},"68":{"start":{"line":86,"column":3},"end":{"line":86,"column":null}}},"fnMap":{"0":{"name":"(anonymous_48)","decl":{"start":{"line":104,"column":20},"end":{"line":104,"column":23}},"loc":{"start":{"line":104,"column":28},"end":{"line":104,"column":47}}},"1":{"name":"(anonymous_49)","decl":{"start":{"line":98,"column":4},"end":{"line":98,"column":7}},"loc":{"start":{"line":98,"column":12},"end":{"line":98,"column":31}}},"2":{"name":"(anonymous_50)","decl":{"start":{"line":119,"column":21},"end":{"line":119,"column":33}},"loc":{"start":{"line":119,"column":21},"end":{"line":119,"column":null}}}},"branchMap":{"0":{"loc":{"start":{"line":122,"column":6},"end":{"line":122,"column":null}},"type":"if","locations":[{"start":{"line":122,"column":6},"end":{"line":122,"column":null}},{"start":{"line":122,"column":6},"end":{"line":122,"column":null}}]},"1":{"loc":{"start":{"line":122,"column":6},"end":{"line":122,"column":null}},"type":"binary-expr","locations":[{"start":{"line":122,"column":6},"end":{"line":122,"column":12}},{"start":{"line":122,"column":6},"end":{"line":122,"column":null}}]},"2":{"loc":{"start":{"line":132,"column":34},"end":{"line":132,"column":56}},"type":"if","locations":[{"start":{"line":132,"column":34},"end":{"line":132,"column":56}},{"start":{"line":132,"column":34},"end":{"line":132,"column":56}}]},"3":{"loc":{"start":{"line":132,"column":34},"end":{"line":132,"column":56}},"type":"binary-expr","locations":[{"start":{"line":132,"column":34},"end":{"line":132,"column":40}},{"start":{"line":132,"column":34},"end":{"line":132,"column":56}}]},"4":{"loc":{"start":{"line":132,"column":19},"end":{"line":132,"column":34}},"type":"binary-expr","locations":[{"start":{"line":132,"column":19},"end":{"line":132,"column":25}},{"start":{"line":132,"column":19},"end":{"line":132,"column":34}}]},"5":{"loc":{"start":{"line":104,"column":5},"end":{"line":104,"column":null}},"type":"binary-expr","locations":[{"start":{"line":104,"column":5},"end":{"line":104,"column":55}},{"start":{"line":104,"column":59},"end":{"line":104,"column":null}}]},"6":{"loc":{"start":{"line":111,"column":6},"end":{"line":111,"column":null}},"type":"binary-expr","locations":[{"start":{"line":111,"column":6},"end":{"line":111,"column":16}},{"start":{"line":111,"column":16},"end":{"line":111,"column":35}},{"start":{"line":111,"column":35},"end":{"line":111,"column":null}}]},"7":{"loc":{"start":{"line":130,"column":7},"end":{"line":130,"column":null}},"type":"binary-expr","locations":[{"start":{"line":130,"column":7},"end":{"line":130,"column":26}},{"start":{"line":130,"column":26},"end":{"line":130,"column":null}}]},"8":{"loc":{"start":{"line":95,"column":54},"end":{"line":97,"column":106}},"type":"cond-expr","locations":[{"start":{"line":96,"column":5},"end":{"line":96,"column":57}},{"start":{"line":97,"column":5},"end":{"line":97,"column":106}}]},"9":{"loc":{"start":{"line":97,"column":15},"end":{"line":101,"column":17}},"type":"cond-expr","locations":[{"start":{"line":100,"column":5},"end":{"line":100,"column":23}},{"start":{"line":101,"column":5},"end":{"line":101,"column":17}}]},"10":{"loc":{"start":{"line":108,"column":12},"end":{"line":108,"column":87}},"type":"if","locations":[{"start":{"line":108,"column":12},"end":{"line":108,"column":87}},{"start":{"line":108,"column":12},"end":{"line":108,"column":87}}]},"11":{"loc":{"start":{"line":108,"column":12},"end":{"line":108,"column":57}},"type":"cond-expr","locations":[{"start":{"line":108,"column":23},"end":{"line":108,"column":36}},{"start":{"line":108,"column":39},"end":{"line":108,"column":57}}]},"12":{"loc":{"start":{"line":107,"column":14},"end":{"line":107,"column":47}},"type":"cond-expr","locations":[{"start":{"line":107,"column":25},"end":{"line":107,"column":42}},{"start":{"line":107,"column":45},"end":{"line":107,"column":47}}]},"13":{"loc":{"start":{"line":94,"column":12},"end":{"line":94,"column":null}},"type":"if","locations":[{"start":{"line":94,"column":12},"end":{"line":94,"column":null}},{"start":{"line":94,"column":12},"end":{"line":94,"column":null}}]},"14":{"loc":{"start":{"line":94,"column":12},"end":{"line":94,"column":null}},"type":"cond-expr","locations":[{"start":{"line":94,"column":23},"end":{"line":94,"column":27}},{"start":{"line":94,"column":30},"end":{"line":94,"column":null}}]},"15":{"loc":{"start":{"line":104,"column":5},"end":{"line":104,"column":null}},"type":"if","locations":[{"start":{"line":104,"column":5},"end":{"line":104,"column":null}},{"start":{"line":104,"column":5},"end":{"line":104,"column":null}}]},"16":{"loc":{"start":{"line":104,"column":5},"end":{"line":104,"column":null}},"type":"binary-expr","locations":[{"start":{"line":104,"column":5},"end":{"line":104,"column":12}},{"start":{"line":104,"column":5},"end":{"line":104,"column":null}}]},"17":{"loc":{"start":{"line":95,"column":40},"end":{"line":101,"column":null}},"type":"binary-expr","locations":[{"start":{"line":95,"column":40},"end":{"line":95,"column":51}},{"start":{"line":95,"column":40},"end":{"line":101,"column":null}}]},"18":{"loc":{"start":{"line":108,"column":12},"end":{"line":108,"column":87}},"type":"binary-expr","locations":[{"start":{"line":108,"column":12},"end":{"line":108,"column":20}},{"start":{"line":108,"column":12},"end":{"line":108,"column":87}}]},"19":{"loc":{"start":{"line":107,"column":14},"end":{"line":107,"column":null}},"type":"binary-expr","locations":[{"start":{"line":107,"column":14},"end":{"line":107,"column":22}},{"start":{"line":107,"column":14},"end":{"line":107,"column":null}}]},"20":{"loc":{"start":{"line":111,"column":6},"end":{"line":111,"column":35}},"type":"binary-expr","locations":[{"start":{"line":111,"column":6},"end":{"line":111,"column":16}},{"start":{"line":111,"column":16},"end":{"line":111,"column":35}}]},"21":{"loc":{"start":{"line":129,"column":20},"end":{"line":129,"column":41}},"type":"if","locations":[{"start":{"line":129,"column":20},"end":{"line":129,"column":41}},{"start":{"line":129,"column":20},"end":{"line":129,"column":41}}]},"22":{"loc":{"start":{"line":10,"column":12},"end":{"line":10,"column":49}},"type":"default-arg","locations":[{"start":{"line":10,"column":47},"end":{"line":10,"column":49}}]},"23":{"loc":{"start":{"line":11,"column":12},"end":{"line":11,"column":34}},"type":"default-arg","locations":[{"start":{"line":11,"column":32},"end":{"line":11,"column":34}}]},"24":{"loc":{"start":{"line":12,"column":12},"end":{"line":12,"column":52}},"type":"default-arg","locations":[{"start":{"line":12,"column":34},"end":{"line":12,"column":52}}]},"25":{"loc":{"start":{"line":13,"column":12},"end":{"line":13,"column":29}},"type":"default-arg","locations":[{"start":{"line":13,"column":27},"end":{"line":13,"column":29}}]},"26":{"loc":{"start":{"line":14,"column":12},"end":{"line":14,"column":54}},"type":"default-arg","locations":[{"start":{"line":14,"column":34},"end":{"line":14,"column":54}}]},"27":{"loc":{"start":{"line":15,"column":12},"end":{"line":15,"column":37}},"type":"default-arg","locations":[{"start":{"line":15,"column":32},"end":{"line":15,"column":37}}]},"28":{"loc":{"start":{"line":16,"column":12},"end":{"line":16,"column":19}},"type":"default-arg","locations":[{"start":{"line":16,"column":17},"end":{"line":16,"column":19}}]},"29":{"loc":{"start":{"line":17,"column":12},"end":{"line":17,"column":62}},"type":"default-arg","locations":[{"start":{"line":17,"column":33},"end":{"line":17,"column":62}}]},"30":{"loc":{"start":{"line":44,"column":6},"end":{"line":44,"column":null}},"type":"binary-expr","locations":[{"start":{"line":44,"column":6},"end":{"line":44,"column":19}},{"start":{"line":44,"column":19},"end":{"line":44,"column":null}}]},"31":{"loc":{"start":{"line":74,"column":8},"end":{"line":74,"column":33}},"type":"binary-expr","locations":[{"start":{"line":74,"column":8},"end":{"line":74,"column":14}},{"start":{"line":74,"column":18},"end":{"line":74,"column":33}}]}},"s":{"0":0,"1":0,"2":0,"3":0,"4":0,"5":0,"6":0,"7":0,"8":0,"9":0,"10":0,"11":0,"12":0,"13":0,"14":0,"15":0,"16":0,"17":0,"18":0,"19":0,"20":0,"21":0,"22":0,"23":0,"24":0,"25":0,"26":0,"27":0,"28":0,"29":0,"30":0,"31":0,"32":0,"33":0,"34":0,"35":0,"36":0,"37":0,"38":0,"39":0,"40":0,"41":0,"42":0,"43":0,"44":0,"45":0,"46":0,"47":0,"48":0,"49":0,"50":0,"51":0,"52":0,"53":0,"54":0,"55":0,"56":0,"57":0,"58":0,"59":0,"60":0,"61":0,"62":0,"63":0,"64":0,"65":0,"66":0,"67":0,"68":0},"f":{"0":0,"1":0,"2":0},"b":{"0":[0,0],"1":[0,0],"2":[0,0],"3":[0,0],"4":[0,0],"5":[0,0],"6":[0,0,0],"7":[0,0],"8":[0,0],"9":[0,0],"10":[0,0],"11":[0,0],"12":[0,0],"13":[0,0],"14":[0,0],"15":[0,0],"16":[0,0],"17":[0,0],"18":[0,0],"19":[0,0],"20":[0,0],"21":[0,0],"22":[0],"23":[0],"24":[0],"25":[0],"26":[0],"27":[0],"28":[0],"29":[0],"30":[0,0],"31":[0,0]}}
,"C:\\WhiteLabelTask\\white-label\\apps\\web\\src\\lib\\common\\components\\custom-select\\MultiSelect.svelte": {"path":"C:\\WhiteLabelTask\\white-label\\apps\\web\\src\\lib\\common\\components\\custom-select\\MultiSelect.svelte","statementMap":{"0":{"start":{"line":69,"column":8},"end":{"line":69,"column":null}},"1":{"start":{"line":66,"column":6},"end":{"line":70,"column":null}},"2":{"start":{"line":54,"column":14},"end":{"line":54,"column":null}},"3":{"start":{"line":54,"column":9},"end":{"line":54,"column":13}},"4":{"start":{"line":53,"column":6},"end":{"line":64,"column":null}},"5":{"start":{"line":54,"column":9},"end":{"line":54,"column":14}},"6":{"start":{"line":58,"column":10},"end":{"line":58,"column":null}},"7":{"start":{"line":55,"column":8},"end":{"line":62,"column":null}},"8":{"start":{"line":59,"column":9},"end":{"line":61,"column":null}},"9":{"start":{"line":60,"column":17},"end":{"line":60,"column":null}},"10":{"start":{"line":58,"column":13},"end":{"line":58,"column":null}},"11":{"start":{"line":79,"column":12},"end":{"line":79,"column":null}},"12":{"start":{"line":79,"column":7},"end":{"line":79,"column":11}},"13":{"start":{"line":76,"column":4},"end":{"line":87,"column":null}},"14":{"start":{"line":81,"column":16},"end":{"line":81,"column":null}},"15":{"start":{"line":82,"column":13},"end":{"line":82,"column":null}},"16":{"start":{"line":83,"column":22},"end":{"line":83,"column":null}},"17":{"start":{"line":52,"column":10},"end":{"line":52,"column":null}},"18":{"start":{"line":52,"column":34},"end":{"line":52,"column":null}},"19":{"start":{"line":75,"column":8},"end":{"line":75,"column":null}},"20":{"start":{"line":73,"column":19},"end":{"line":73,"column":58}},"21":{"start":{"line":73,"column":37},"end":{"line":73,"column":58}},"22":{"start":{"line":47,"column":37},"end":{"line":47,"column":null}},"23":{"start":{"line":43,"column":0},"end":{"line":91,"column":null}},"24":{"start":{"line":44,"column":1},"end":{"line":90,"column":null}},"25":{"start":{"line":45,"column":2},"end":{"line":89,"column":null}},"26":{"start":{"line":46,"column":3},"end":{"line":74,"column":null}},"27":{"start":{"line":51,"column":4},"end":{"line":72,"column":null}},"28":{"start":{"line":73,"column":4},"end":{"line":73,"column":null}},"29":{"start":{"line":73,"column":9},"end":{"line":73,"column":64}},"30":{"start":{"line":6,"column":31},"end":{"line":6,"column":null}},"31":{"start":{"line":7,"column":21},"end":{"line":7,"column":null}},"32":{"start":{"line":8,"column":74},"end":{"line":8,"column":null}},"33":{"start":{"line":9,"column":27},"end":{"line":9,"column":null}},"34":{"start":{"line":10,"column":33},"end":{"line":10,"column":null}},"35":{"start":{"line":11,"column":48},"end":{"line":11,"column":null}},"36":{"start":{"line":12,"column":24},"end":{"line":12,"column":null}},"37":{"start":{"line":13,"column":54},"end":{"line":13,"column":null}},"38":{"start":{"line":20,"column":4},"end":{"line":20,"column":null}},"39":{"start":{"line":24,"column":2},"end":{"line":24,"column":null}},"40":{"start":{"line":27,"column":3},"end":{"line":27,"column":null}},"41":{"start":{"line":32,"column":2},"end":{"line":32,"column":null}},"42":{"start":{"line":33,"column":2},"end":{"line":33,"column":null}},"43":{"start":{"line":33,"column":44},"end":{"line":33,"column":53}},"44":{"start":{"line":35,"column":19},"end":{"line":35,"column":null}},"45":{"start":{"line":35,"column":49},"end":{"line":35,"column":70}},"46":{"start":{"line":37,"column":3},"end":{"line":37,"column":null}},"47":{"start":{"line":38,"column":3},"end":{"line":38,"column":null}},"48":{"start":{"line":59,"column":64},"end":{"line":59,"column":null}},"49":{"start":{"line":59,"column":70},"end":{"line":59,"column":null}},"50":{"start":{"line":48,"column":15},"end":{"line":48,"column":null}},"51":{"start":{"line":48,"column":21},"end":{"line":48,"column":null}},"52":{"start":{"line":84,"column":35},"end":{"line":84,"column":null}},"53":{"start":{"line":43,"column":17},"end":{"line":43,"column":null}}},"fnMap":{"0":{"name":"(anonymous_60)","decl":{"start":{"line":33,"column":38},"end":{"line":33,"column":39}},"loc":{"start":{"line":33,"column":44},"end":{"line":33,"column":53}}},"1":{"name":"(anonymous_61)","decl":{"start":{"line":35,"column":35},"end":{"line":35,"column":44}},"loc":{"start":{"line":35,"column":49},"end":{"line":35,"column":70}}},"2":{"name":"(anonymous_64)","decl":{"start":{"line":59,"column":64},"end":{"line":59,"column":65}},"loc":{"start":{"line":59,"column":70},"end":{"line":59,"column":null}}},"3":{"name":"(anonymous_65)","decl":{"start":{"line":48,"column":15},"end":{"line":48,"column":16}},"loc":{"start":{"line":48,"column":21},"end":{"line":48,"column":null}}},"4":{"name":"(anonymous_66)","decl":{"start":{"line":84,"column":35},"end":{"line":84,"column":55}},"loc":{"start":{"line":84,"column":35},"end":{"line":84,"column":null}}}},"branchMap":{"0":{"loc":{"start":{"line":69,"column":8},"end":{"line":69,"column":null}},"type":"if","locations":[{"start":{"line":69,"column":8},"end":{"line":69,"column":null}},{"start":{"line":69,"column":8},"end":{"line":69,"column":null}}]},"1":{"loc":{"start":{"line":58,"column":10},"end":{"line":58,"column":null}},"type":"if","locations":[{"start":{"line":58,"column":10},"end":{"line":58,"column":null}},{"start":{"line":58,"column":10},"end":{"line":58,"column":null}}]},"2":{"loc":{"start":{"line":58,"column":10},"end":{"line":58,"column":null}},"type":"binary-expr","locations":[{"start":{"line":58,"column":10},"end":{"line":58,"column":13}},{"start":{"line":58,"column":10},"end":{"line":58,"column":null}}]},"3":{"loc":{"start":{"line":83,"column":22},"end":{"line":83,"column":61}},"type":"cond-expr","locations":[{"start":{"line":83,"column":49},"end":{"line":83,"column":53}},{"start":{"line":83,"column":56},"end":{"line":83,"column":61}}]},"4":{"loc":{"start":{"line":81,"column":16},"end":{"line":81,"column":null}},"type":"if","locations":[{"start":{"line":81,"column":16},"end":{"line":81,"column":null}},{"start":{"line":81,"column":16},"end":{"line":81,"column":null}}]},"5":{"loc":{"start":{"line":82,"column":13},"end":{"line":82,"column":null}},"type":"if","locations":[{"start":{"line":82,"column":13},"end":{"line":82,"column":null}},{"start":{"line":82,"column":13},"end":{"line":82,"column":null}}]},"6":{"loc":{"start":{"line":83,"column":22},"end":{"line":83,"column":null}},"type":"if","locations":[{"start":{"line":83,"column":22},"end":{"line":83,"column":null}},{"start":{"line":83,"column":22},"end":{"line":83,"column":null}}]},"7":{"loc":{"start":{"line":52,"column":10},"end":{"line":52,"column":null}},"type":"if","locations":[{"start":{"line":52,"column":10},"end":{"line":52,"column":null}},{"start":{"line":52,"column":10},"end":{"line":52,"column":null}}]},"8":{"loc":{"start":{"line":75,"column":8},"end":{"line":75,"column":null}},"type":"binary-expr","locations":[{"start":{"line":75,"column":8},"end":{"line":75,"column":null}},{"start":{"line":75,"column":20},"end":{"line":75,"column":null}}]},"9":{"loc":{"start":{"line":73,"column":19},"end":{"line":73,"column":58}},"type":"if","locations":[{"start":{"line":73,"column":19},"end":{"line":73,"column":58}},{"start":{"line":73,"column":19},"end":{"line":73,"column":58}}]},"10":{"loc":{"start":{"line":47,"column":37},"end":{"line":47,"column":null}},"type":"binary-expr","locations":[{"start":{"line":47,"column":37},"end":{"line":47,"column":48}},{"start":{"line":47,"column":37},"end":{"line":47,"column":48}},{"start":{"line":47,"column":37},"end":{"line":47,"column":null}}]},"11":{"loc":{"start":{"line":12,"column":12},"end":{"line":12,"column":null}},"type":"default-arg","locations":[{"start":{"line":12,"column":24},"end":{"line":12,"column":null}}]},"12":{"loc":{"start":{"line":13,"column":12},"end":{"line":13,"column":54}},"type":"default-arg","locations":[{"start":{"line":13,"column":34},"end":{"line":13,"column":54}}]},"13":{"loc":{"start":{"line":19,"column":7},"end":{"line":19,"column":83}},"type":"binary-expr","locations":[{"start":{"line":19,"column":7},"end":{"line":19,"column":19}},{"start":{"line":19,"column":19},"end":{"line":19,"column":71}},{"start":{"line":19,"column":71},"end":{"line":19,"column":83}}]}},"s":{"0":0,"1":0,"2":0,"3":0,"4":0,"5":0,"6":0,"7":0,"8":0,"9":0,"10":0,"11":0,"12":0,"13":0,"14":0,"15":0,"16":0,"17":0,"18":0,"19":0,"20":0,"21":0,"22":0,"23":0,"24":0,"25":0,"26":0,"27":0,"28":0,"29":0,"30":0,"31":0,"32":0,"33":0,"34":0,"35":0,"36":0,"37":0,"38":0,"39":0,"40":0,"41":0,"42":0,"43":0,"44":0,"45":0,"46":0,"47":0,"48":0,"49":0,"50":0,"51":0,"52":0,"53":0},"f":{"0":0,"1":0,"2":0,"3":0,"4":0},"b":{"0":[0,0],"1":[0,0],"2":[0,0],"3":[0,0],"4":[0,0],"5":[0,0],"6":[0,0],"7":[0,0],"8":[0,0],"9":[0,0],"10":[0,0,0],"11":[0],"12":[0],"13":[0,0,0]}}
,"C:\\WhiteLabelTask\\white-label\\apps\\web\\src\\lib\\common\\components\\document-tab\\DocumentTab.svelte": {"path":"C:\\WhiteLabelTask\\white-label\\apps\\web\\src\\lib\\common\\components\\document-tab\\DocumentTab.svelte","statementMap":{"0":{"start":{"line":44,"column":9},"end":{"line":44,"column":null}},"1":{"start":{"line":52,"column":9},"end":{"line":56,"column":null}},"2":{"start":{"line":39,"column":94},"end":{"line":42,"column":null}},"3":{"start":{"line":47,"column":109},"end":{"line":50,"column":null}},"4":{"start":{"line":31,"column":112},"end":{"line":34,"column":null}},"5":{"start":{"line":36,"column":31},"end":{"line":36,"column":null}},"6":{"start":{"line":30,"column":4},"end":{"line":58,"column":null}},"7":{"start":{"line":38,"column":6},"end":{"line":45,"column":null}},"8":{"start":{"line":46,"column":6},"end":{"line":57,"column":null}},"9":{"start":{"line":44,"column":26},"end":{"line":44,"column":null}},"10":{"start":{"line":56,"column":39},"end":{"line":56,"column":null}},"11":{"start":{"line":29,"column":9},"end":{"line":29,"column":null}},"12":{"start":{"line":29,"column":4},"end":{"line":29,"column":8}},"13":{"start":{"line":29,"column":4},"end":{"line":29,"column":9}},"14":{"start":{"line":8,"column":34},"end":{"line":8,"column":null}},"15":{"start":{"line":13,"column":36},"end":{"line":13,"column":null}},"16":{"start":{"line":18,"column":44},"end":{"line":18,"column":null}},"17":{"start":{"line":25,"column":6},"end":{"line":25,"column":null}},"18":{"start":{"line":35,"column":22},"end":{"line":35,"column":null}}},"fnMap":{"0":{"name":"(anonymous_19)","decl":{"start":{"line":35,"column":22},"end":{"line":35,"column":37}},"loc":{"start":{"line":35,"column":22},"end":{"line":35,"column":null}}}},"branchMap":{"0":{"loc":{"start":{"line":52,"column":9},"end":{"line":56,"column":39}},"type":"cond-expr","locations":[{"start":{"line":53,"column":12},"end":{"line":55,"column":15}},{"start":{"line":56,"column":12},"end":{"line":56,"column":39}}]},"1":{"loc":{"start":{"line":52,"column":9},"end":{"line":52,"column":35}},"type":"binary-expr","locations":[{"start":{"line":52,"column":9},"end":{"line":52,"column":20}},{"start":{"line":52,"column":24},"end":{"line":52,"column":35}}]},"2":{"loc":{"start":{"line":53,"column":12},"end":{"line":55,"column":15}},"type":"cond-expr","locations":[{"start":{"line":54,"column":14},"end":{"line":54,"column":41}},{"start":{"line":55,"column":14},"end":{"line":55,"column":15}}]},"3":{"loc":{"start":{"line":39,"column":94},"end":{"line":42,"column":44}},"type":"cond-expr","locations":[{"start":{"line":41,"column":12},"end":{"line":41,"column":59}},{"start":{"line":42,"column":12},"end":{"line":42,"column":44}}]},"4":{"loc":{"start":{"line":47,"column":109},"end":{"line":50,"column":30}},"type":"cond-expr","locations":[{"start":{"line":49,"column":12},"end":{"line":49,"column":30}},{"start":{"line":50,"column":12},"end":{"line":50,"column":30}}]},"5":{"loc":{"start":{"line":31,"column":112},"end":{"line":34,"column":58}},"type":"cond-expr","locations":[{"start":{"line":33,"column":10},"end":{"line":33,"column":78}},{"start":{"line":34,"column":10},"end":{"line":34,"column":58}}]},"6":{"loc":{"start":{"line":44,"column":9},"end":{"line":44,"column":null}},"type":"if","locations":[{"start":{"line":44,"column":9},"end":{"line":44,"column":null}},{"start":{"line":44,"column":9},"end":{"line":44,"column":null}}]},"7":{"loc":{"start":{"line":44,"column":9},"end":{"line":44,"column":null}},"type":"binary-expr","locations":[{"start":{"line":44,"column":9},"end":{"line":44,"column":17}},{"start":{"
[...]
\common\\components\\tabs\\Tabs.svelte","statementMap":{"0":{"start":{"line":85,"column":4},"end":{"line":85,"column":null}},"1":{"start":{"line":81,"column":2},"end":{"line":86,"column":null}},"2":{"start":{"line":92,"column":11},"end":{"line":92,"column":null}},"3":{"start":{"line":92,"column":6},"end":{"line":92,"column":10}},"4":{"start":{"line":92,"column":6},"end":{"line":92,"column":11}},"5":{"start":{"line":107,"column":44},"end":{"line":107,"column":null}},"6":{"start":{"line":105,"column":69},"end":{"line":107,"column":44}},"7":{"start":{"line":94,"column":82},"end":{"line":100,"column":null}},"8":{"start":{"line":102,"column":31},"end":{"line":102,"column":null}},"9":{"start":{"line":93,"column":5},"end":{"line":109,"column":null}},"10":{"start":{"line":104,"column":7},"end":{"line":108,"column":null}},"11":{"start":{"line":107,"column":53},"end":{"line":107,"column":null}},"12":{"start":{"line":116,"column":7},"end":{"line":116,"column":null}},"13":{"start":{"line":119,"column":10},"end":{"line":119,"column":null}},"14":{"start":{"line":117,"column":2},"end":{"line":126,"column":null}},"15":{"start":{"line":122,"column":12},"end":{"line":122,"column":null}},"16":{"start":{"line":123,"column":39},"end":{"line":123,"column":null}},"17":{"start":{"line":124,"column":12},"end":{"line":124,"column":null}},"18":{"start":{"line":118,"column":14},"end":{"line":118,"column":null}},"19":{"start":{"line":80,"column":6},"end":{"line":80,"column":null}},"20":{"start":{"line":91,"column":8},"end":{"line":91,"column":null}},"21":{"start":{"line":115,"column":5},"end":{"line":115,"column":null}},"22":{"start":{"line":75,"column":49},"end":{"line":77,"column":null}},"23":{"start":{"line":74,"column":0},"end":{"line":114,"column":null}},"24":{"start":{"line":88,"column":1},"end":{"line":113,"column":null}},"25":{"start":{"line":89,"column":2},"end":{"line":89,"column":null}},"26":{"start":{"line":90,"column":2},"end":{"line":112,"column":null}},"27":{"start":{"line":15,"column":26},"end":{"line":15,"column":null}},"28":{"start":{"line":18,"column":21},"end":{"line":18,"column":null}},"29":{"start":{"line":19,"column":14},"end":{"line":19,"column":null}},"30":{"start":{"line":22,"column":38},"end":{"line":22,"column":null}},"31":{"start":{"line":27,"column":43},"end":{"line":27,"column":null}},"32":{"start":{"line":30,"column":25},"end":{"line":30,"column":null}},"33":{"start":{"line":35,"column":17},"end":{"line":35,"column":18}},"34":{"start":{"line":40,"column":29},"end":{"line":40,"column":null}},"35":{"start":{"line":53,"column":2},"end":{"line":53,"column":null}},"36":{"start":{"line":54,"column":17},"end":{"line":54,"column":null}},"37":{"start":{"line":55,"column":2},"end":{"line":55,"column":null}},"38":{"start":{"line":60,"column":15},"end":{"line":60,"column":null}},"39":{"start":{"line":62,"column":17},"end":{"line":62,"column":null}},"40":{"start":{"line":62,"column":45},"end":{"line":62,"column":66}},"41":{"start":{"line":64,"column":4},"end":{"line":64,"column":null}},"42":{"start":{"line":65,"column":19},"end":{"line":65,"column":null}},"43":{"start":{"line":66,"column":4},"end":{"line":66,"column":null}},"44":{"start":{"line":67,"column":23},"end":{"line":67,"column":null}},"45":{"start":{"line":68,"column":4},"end":{"line":68,"column":null}},"46":{"start":{"line":101,"column":22},"end":{"line":101,"column":null}},"47":{"start":{"line":103,"column":17},"end":{"line":103,"column":null}},"48":{"start":{"line":78,"column":12},"end":{"line":78,"column":null}}},"fnMap":{"0":{"name":"(anonymous_56)","decl":{"start":{"line":62,"column":37},"end":{"line":62,"column":40}},"loc":{"start":{"line":62,"column":45},"end":{"line":62,"column":66}}},"1":{"name":"(anonymous_59)","decl":{"start":{"line":101,"column":22},"end":{"line":101,"column":37}},"loc":{"start":{"line":101,"column":22},"end":{"line":101,"column":null}}}},"branchMap":{"0":{"loc":{"start":{"line":85,"column":4},"end":{"line":85,"column":null}},"type":"if","locations":[{"start":{"line":85,"column":4},"end":{"line":85,"column":null}},{"start":{"line":85,"column":4},"end":{"line":85,"column":null}}]},"1":{"loc":{"start":{"line":105,"column":69},"end":{"line":107,"column":40}},"type":"cond-expr","locations":[{"start":{"line":106,"column":10},"end":{"line":106,"column":39}},{"start":{"line":107,"column":10},"end":{"line":107,"column":40}}]},"2":{"loc":{"start":{"line":94,"column":82},"end":{"line":97,"column":25}},"type":"cond-expr","locations":[{"start":{"line":96,"column":9},"end":{"line":96,"column":61}},{"start":{"line":97,"column":9},"end":{"line":97,"column":25}}]},"3":{"loc":{"start":{"line":98,"column":17},"end":{"line":100,"column":25}},"type":"cond-expr","locations":[{"start":{"line":99,"column":9},"end":{"line":99,"column":19}},{"start":{"line":100,"column":9},"end":{"line":100,"column":25}}]},"4":{"loc":{"start":{"line":98,"column":17},"end":{"line":98,"column":null}},"type":"binary-expr","locations":[{"start":{"line":98,"column":17},"end":{"line":98,"column":53}},{"start":{"line":98,"column":57},"end":{"line":98,"column":null}}]},"5":{"loc":{"start":{"line":107,"column":44},"end":{"line":107,"column":null}},"type":"if","locations":[{"start":{"line":107,"column":44},"end":{"line":107,"column":null}},{"start":{"line":107,"column":44},"end":{"line":107,"column":null}}]},"6":{"loc":{"start":{"line":107,"column":44},"end":{"line":107,"column":null}},"type":"binary-expr","locations":[{"start":{"line":107,"column":44},"end":{"line":107,"column":47}},{"start":{"line":107,"column":44},"end":{"line":107,"column":null}}]},"7":{"loc":{"start":{"line":105,"column":69},"end":{"line":107,"column":44}},"type":"binary-expr","locations":[{"start":{"line":105,"column":69},"end":{"line":105,"column":78}},{"start":{"line":105,"column":69},"end":{"line":107,"column":44}}]},"8":{"loc":{"start":{"line":94,"column":82},"end":{"line":100,"column":null}},"type":"binary-expr","locations":[{"start":{"line":94,"column":82},"end":{"line":94,"column":91}},{"start":{"line":94,"column":82},"end":{"line":100,"column":null}}]},"9":{"loc":{"start":{"line":116,"column":7},"end":{"line":116,"column":null}},"type":"binary-expr","locations":[{"start":{"line":116,"column":7},"end":{"line":116,"column":16}},{"start":{"line":116,"column":7},"end":{"line":116,"column":null}}]},"10":{"loc":{"start":{"line":119,"column":10},"end":{"line":119,"column":76}},"type":"cond-expr","locations":[{"start":{"line":119,"column":30},"end":{"line":119,"column":71}},{"start":{"line":119,"column":74},"end":{"line":119,"column":76}}]},"11":{"loc":{"start":{"line":122,"column":12},"end":{"line":122,"column":null}},"type":"if","locations":[{"start":{"line":122,"column":12},"end":{"line":122,"column":null}},{"start":{"line":122,"column":12},"end":{"line":122,"column":null}}]},"12":{"loc":{"start":{"line":123,"column":39},"end":{"line":123,"column":null}},"type":"if","locations":[{"start":{"line":123,"column":39},"end":{"line":123,"column":null}},{"start":{"line":123,"column":39},"end":{"line":123,"column":null}}]},"13":{"loc":{"start":{"line":124,"column":12},"end":{"line":124,"column":null}},"type":"if","locations":[{"start":{"line":124,"column":12},"end":{"line":124,"column":null}},{"start":{"line":124,"column":12},"end":{"line":124,"column":null}}]},"14":{"loc":{"start":{"line":119,"column":10},"end":{"line":119,"column":null}},"type":"binary-expr","locations":[{"start":{"line":119,"column":10},"end":{"line":119,"column":27}},{"start":{"line":119,"column":10},"end":{"line":119,"column":27}},{"start":{"line":119,"column":10},"end":{"line":119,"column":null}}]},"15":{"loc":{"start":{"line":80,"column":6},"end":{"line":80,"column":null}},"type":"binary-expr","locations":[{"start":{"line":80,"column":6},"end":{"line":80,"column":null}},{"start":{"line":80,"column":11},"end":{"line":80,"column":null}}]},"16":{"loc":{"start":{"line":91,"column":8},"end":{"line":91,"column":null}},"type":"binary-expr","locations":[{"start":{"line":91,"column":8},"end":{"line":91,"column":27}},{"start":{"line":91,"column":27},"end":{"line":91,"column":null}}]},"17":{"loc":{"start":{"line":115,"column":5},"end":{"line":115,"column":null}},"type":"binary-expr","locations":[{"start":{"line":115,"column":5},"end":{"line":115,"column":21}},{"start":{"line":115,"column":21},"end":{"line":115,"column":37}},{"start":{"line":115,"column":41},"end":{"line":115,"column":60}},{"start":{"line":115,"column":60},"end":{"line":115,"column":null}}]},"18":{"loc":{"start":{"line":75,"column":49},"end":{"line":77,"column":14}},"type":"cond-expr","locations":[{"start":{"line":76,"column":10},"end":{"line":76,"column":null}},{"start":{"line":77,"column":4},"end":{"line":77,"column":14}}]},"19":{"loc":{"start":{"line":77,"column":17},"end":{"line":77,"column":61}},"type":"cond-expr","locations":[{"start":{"line":77,"column":37},"end":{"line":77,"column":52}},{"start":{"line":77,"column":55},"end":{"line":77,"column":61}}]},"20":{"loc":{"start":{"line":75,"column":49},"end":{"line":77,"column":null}},"type":"binary-expr","locations":[{"start":{"line":75,"column":49},"end":{"line":75,"column":59}},{"start":{"line":75,"column":49},"end":{"line":75,"column":59}},{"start":{"line":75,"column":49},"end":{"line":77,"column":null}}]},"21":{"loc":{"start":{"line":115,"column":5},"end":{"line":115,"column":60}},"type":"binary-expr","locations":[{"start":{"line":115,"column":5},"end":{"line":115,"column":21}},{"start":{"line":115,"column":21},"end":{"line":115,"column":37}},{"start":{"line":115,"column":41},"end":{"line":115,"column":60}}]},"22":{"loc":{"start":{"line":40,"column":12},"end":{"line":40,"column":29}},"type":"default-arg","locations":[{"start":{"line":40,"column":22},"end":{"line":40,"column":29}}]},"23":{"loc":{"start":{"line":61,"column":6},"end":{"line":61,"column":33}},"type":"binary-expr","locations":[{"start":{"line":61,"column":6},"end":{"line":61,"column":10}},{"start":{"line":61,"column":14},"end":{"line":61,"column":33}}]}},"s":{"0":0,"1":0,"2":0,"3":0,"4":0,"5":0,"6":0,"7":0,"8":0,"9":0,"10":0,"11":0,"12":0,"13":0,"14":0,"15":0,"16":0,"17":0,"18":0,"19":0,"20":0,"21":0,"22":0,"23":0,"24":0,"25":0,"26":0,"27":0,"28":0,"29":0,"30":0,"31":0,"32":0,"33":0,"34":0,"35":0,"36":0,"37":0,"38":0,"39":0,"40":0,"41":0,"42":0,"43":0,"44":0,"45":0,"46":0,"47":0,"48":0},"f":{"0":0,"1":0},"b":{"0":[0,0],"1":[0,0],"2":[0,0],"3":[0,0],"4":[0,0],"5":[0,0],"6":[0,0],"7":[0,0],"8":[0,0],"9":[0,0],"10":[0,0],"11":[0,0],"12":[0,0],"13":[0,0],"14":[0,0,0],"15":[0,0],"16":[0,0],"17":[0,0,0,0],"18":[0,0],"19":[0,0],"20":[0,0,0],"21":[0,0,0],"22":[0],"23":[0,0]}}
,"C:/WhiteLabelTask/white-label/apps/web/src/lib/common/utils/breakpoint.ts": {"path":"C:/WhiteLabelTask/white-label/apps/web/src/lib/common/utils/breakpoint.ts","statementMap":{"0":{"start":{"line":1,"column":20},"end":{"line":5,"column":null}},"1":{"start":{"line":15,"column":4},"end":{"line":20,"column":null}},"2":{"start":{"line":16,"column":8},"end":{"line":16,"column":null}},"3":{"start":{"line":17,"column":8},"end":{"line":17,"column":null}},"4":{"start":{"line":19,"column":8},"end":{"line":19,"column":null}},"5":{"start":{"line":28,"column":4},"end":{"line":30,"column":null}},"6":{"start":{"line":29,"column":8},"end":{"line":29,"column":null}},"7":{"start":{"line":31,"column":4},"end":{"line":37,"column":null}},"8":{"start":{"line":32,"column":8},"end":{"line":32,"column":null}},"9":{"start":{"line":33,"column":4},"end":{"line":37,"column":null}},"10":{"start":{"line":34,"column":8},"end":{"line":34,"column":null}},"11":{"start":{"line":36,"column":8},"end":{"line":36,"column":null}},"12":{"start":{"line":45,"column":4},"end":{"line":48,"column":null}},"13":{"start":{"line":46,"column":8},"end":{"line":46,"column":null}},"14":{"start":{"line":47,"column":8},"end":{"line":47,"column":null}},"15":{"start":{"line":55,"column":4},"end":{"line":57,"column":null}},"16":{"start":{"line":56,"column":8},"end":{"line":56,"column":null}},"17":{"start":{"line":65,"column":27},"end":{"line":65,"column":null}},"18":{"start":{"line":66,"column":4},"end":{"line":73,"column":null}},"19":{"start":{"line":67,"column":8},"end":{"line":67,"column":null}},"20":{"start":{"line":68,"column":30},"end":{"line":68,"column":null}},"21":{"start":{"line":69,"column":8},"end":{"line":72,"column":null}},"22":{"start":{"line":70,"column":12},"end":{"line":70,"column":null}},"23":{"start":{"line":71,"column":12},"end":{"line":71,"column":null}}},"fnMap":{"0":{"name":"initializeBreakpoint","decl":{"start":{"line":14,"column":9},"end":{"line":14,"column":32}},"loc":{"start":{"line":14,"column":32},"end":{"line":21,"column":null}}},"1":{"name":"getBreakpoint","decl":{"start":{"line":27,"column":9},"end":{"line":27,"column":51}},"loc":{"start":{"line":27,"column":51},"end":{"line":38,"column":null}}},"2":{"name":"addEventListeners","decl":{"start":{"line":44,"column":9},"end":{"line":44,"column":27}},"loc":{"start":{"line":44,"column":85},"end":{"line":49,"column":null}}},"3":{"name":"removeEventListeners","decl":{"start":{"line":54,"column":9},"end":{"line":54,"column":32}},"loc":{"start":{"line":54,"column":32},"end":{"line":58,"column":null}}},"4":{"name":"handleResize","decl":{"start":{"line":64,"column":9},"end":{"line":64,"column":22}},"loc":{"start":{"line":64,"column":80},"end":{"line":74,"column":null}}}},"branchMap":{"0":{"loc":{"start":{"line":15,"column":4},"end":{"line":20,"column":null}},"type":"if","locations":[{"start":{"line":15,"column":4},"end":{"line":20,"column":null}},{"start":{"line":18,"column":11},"end":{"line":20,"column":null}}]},"1":{"loc":{"start":{"line":28,"column":4},"end":{"line":30,"column":null}},"type":"if","locations":[{"start":{"line":28,"column":4},"end":{"line":30,"column":null}},{"start":{"line":28,"column":4},"end":{"line":30,"column":null}}]},"2":{"loc":{"start":{"line":31,"column":4},"end":{"line":37,"column":null}},"type":"if","locations":[{"start":{"line":31,"column":4},"end":{"line":37,"column":null}},{"start":{"line":33,"column":4},"end":{"line":37,"column":null}}]},"3":{"loc":{"start":{"line":33,"column":4},"end":{"line":37,"column":null}},"type":"if","locations":[{"start":{"line":33,"column":4},"end":{"line":37,"column":null}},{"start":{"line":35,"column":11},"end":{"line":37,"column":null}}]},"4":{"loc":{"start":{"line":45,"column":4},"end":{"line":48,"column":null}},"type":"if","locations":[{"start":{"line":45,"column":4},"end":{"line":48,"column":null}},{"start":{"line":45,"column":4},"end":{"line":48,"column":null}}]},"5":{"loc":{"start":{"line":55,"column":4},"end":{"line":57,"column":null}},"type":"if","locations":[{"start":{"line":55,"column":4},"end":{"line":57,"column":null}},{"start":{"line":55,"column":4},"end":{"line":57,"column":null}}]},"6":{"loc":{"start":{"line":55,"column":8},"end":{"line":55,"column":57}},"type":"binary-expr","locations":[{"start":{"line":55,"column":8},"end":{"line":55,"column":41}},{"start":{"line":55,"column":41},"end":{"line":55,"column":57}}]},"7":{"loc":{"start":{"line":66,"column":4},"end":{"line":73,"column":null}},"type":"if","locations":[{"start":{"line":66,"column":4},"end":{"line":73,"column":null}},{"start":{"line":66,"column":4},"end":{"line":73,"column":null}}]},"8":{"loc":{"start":{"line":69,"column":8},"end":{"line":72,"column":null}},"type":"if","locations":[{"start":{"line":69,"column":8},"end":{"line":72,"column":null}},{"start":{"line":69,"column":8},"end":{"line":72,"column":null}}]}},"s":{"0":0,"1":0,"2":0,"3":0,"4":0,"5":0,"6":0,"7":0,"8":0,"9":0,"10":0,"11":0,"12":0,"13":0,"14":0,"15":0,"16":0,"17":0,"18":0,"19":0,"20":0,"21":0,"22":0,"23":0},"f":{"0":0,"1":0,"2":0,"3":0,"4":0},"b":{"0":[0,0],"1":[0,0],"2":[0,0],"3":[0,0],"4":[0,0],"5":[0,0],"6":[0,0],"7":[0,0],"8":[0,0]}}
,"C:/WhiteLabelTask/white-label/apps/web/src/lib/common/utils/utils.ts": {"path":"C:/WhiteLabelTask/white-label/apps/web/src/lib/common/utils/utils.ts","statementMap":{"0":{"start":{"line":8,"column":26},"end":{"line":16,"column":null}},"1":{"start":{"line":13,"column":17},"end":{"line":13,"column":null}},"2":{"start":{"line":14,"column":26},"end":{"line":14,"column":null}},"3":{"start":{"line":15,"column":4},"end":{"line":15,"column":null}},"4":{"start":{"line":23,"column":4},"end":{"line":25,"column":null}},"5":{"start":{"line":24,"column":8},"end":{"line":24,"column":null}}},"fnMap":{"0":{"name":"(anonymous_0)","decl":{"start":{"line":8,"column":26},"end":{"line":8,"column":null}},"loc":{"start":{"line":12,"column":13},"end":{"line":16,"column":null}}},"1":{"name":"scrollToTop","decl":{"start":{"line":22,"column":16},"end":{"line":22,"column":28}},"loc":{"start":{"line":22,"column":50},"end":{"line":26,"column":null}}}},"branchMap":{"0":{"loc":{"start":{"line":11,"column":4},"end":{"line":11,"column":null}},"type":"default-arg","locations":[{"start":{"line":11,"column":22},"end":{"line":11,"column":null}}]},"1":{"loc":{"start":{"line":23,"column":4},"end":{"line":25,"column":null}},"type":"if","locations":[{"start":{"line":23,"column":4},"end":{"line":25,"column":null}},{"start":{"line":23,"column":4},"end":{"line":25,"column":null}}]}},"s":{"0":0,"1":0,"2":0,"3":0,"4":0,"5":0},"f":{"0":0,"1":0},"b":{"0":[0],"1":[0,0]}}
,"C:/WhiteLabelTask/white-label/apps/web/src/lib/config/api.ts": {"path":"C:/WhiteLabelTask/white-label/apps/web/src/lib/config/api.ts","statementMap":{"0":{"start":{"line":1,"column":35},"end":{"line":1,"column":null}}},"fnMap":{},"branchMap":{},"s":{"0":0},"f":{},"b":{}}
,"C:/WhiteLabelTask/white-label/apps/web/src/lib/config/constant.ts": {"path":"C:/WhiteLabelTask/white-label/apps/web/src/lib/config/constant.ts","statementMap":{"0":{"start":{"line":7,"column":23},"end":{"line":7,"column":null}},"1":{"start":{"line":8,"column":36},"end":{"line":8,"column":null}},"2":{"start":{"line":10,"column":33},"end":{"line":10,"column":null}},"3":{"start":{"line":12,"column":22},"end":{"line":12,"column":null}}},"fnMap":{},"branchMap":{"0":{"loc":{"start":{"line":7,"column":23},"end":{"line":7,"column":null}},"type":"binary-expr","locations":[{"start":{"line":7,"column":23},"end":{"line":7,"column":49}},{"start":{"line":7,"column":49},"end":{"line":7,"column":null}}]},"1":{"loc":{"start":{"line":8,"column":36},"end":{"line":8,"column":null}},"type":"binary-expr","locations":[{"start":{"line":8,"column":36},"end":{"line":8,"column":67}},{"start":{"line":8,"column":67},"end":{"line":8,"column":null}}]}},"s":{"0":0,"1":0,"2":0,"3":0},"f":{},"b":{"0":[0,0],"1":[0,0]}}
,"C:/WhiteLabelTask/white-label/apps/web/src/lib/services/news-listing.ts": {"path":"C:/WhiteLabelTask/white-label/apps/web/src/lib/services/news-listing.ts","statementMap":{"0":{"start":{"line":9,"column":16},"end":{"line":9,"column":null}},"1":{"start":{"line":10,"column":4},"end":{"line":20,"column":null}},"2":{"start":{"line":12,"column":8},"end":{"line":15,"column":null}},"3":{"start":{"line":13,"column":28},"end":{"line":13,"column":null}},"4":{"start":{"line":14,"column":10},"end":{"line":14,"column":null}},"5":{"start":{"line":16,"column":8},"end":{"line":16,"column":null}},"6":{"start":{"line":19,"column":8},"end":{"line":19,"column":null}}},"fnMap":{"0":{"name":"fetchNewsListing","decl":{"start":{"line":8,"column":22},"end":{"line":8,"column":41}},"loc":{"start":{"line":8,"column":41},"end":{"line":21,"column":null}}},"1":{"name":"(anonymous_1)","decl":{"start":{"line":11,"column":12},"end":{"line":11,"column":19}},"loc":{"start":{"line":11,"column":27},"end":{"line":17,"column":7}}},"2":{"name":"(anonymous_2)","decl":{"start":{"line":18,"column":13},"end":{"line":18,"column":14}},"loc":{"start":{"line":18,"column":22},"end":{"line":20,"column":7}}}},"branchMap":{"0":{"loc":{"start":{"line":12,"column":8},"end":{"line":15,"column":null}},"type":"if","locations":[{"start":{"line":12,"column":8},"end":{"line":15,"column":null}},{"start":{"line":12,"column":8},"end":{"line":15,"column":null}}]}},"s":{"0":0,"1":0,"2":0,"3":0,"4":0,"5":0,"6":0},"f":{"0":0,"1":0,"2":0},"b":{"0":[0,0]}}
}
